[    0.000000]Initializing cgroup subsys cpuset
[    0.000000] Initializing cgroup subsys cpu
[    0.000000] Initializing cgroup subsys cpuacct
[    0.000000] Linux version 4.4.0-170-generic (buildd@lcy01-amd64-019) (gcc version 5.4.0 20160609 (Ubuntu 5.4.0-6ubuntu1~16.04.12) ) #199-Ubuntu SMP Thu Nov 14 01:45:04 UTC 2019 (Ubuntu 4.4.0-170.199-generic 4.4.200)
[    0.000000] Command line: BOOT_IMGE=/boot/vmlinuz-4.4.0-170-generic root=LABEL=cloudimg-rootfs ro console=tty1 console=ttyS0
[    0.000000] KERNEL supported cpus:
[    0.000000]   Intel GenuineIntel
[    0.000000]   AMD AuthenticAMD
[    0.000000]   Centaur CentaurHauls
[    0.000000] x8fpu: xstate_offset[2]:  576, xstate_sizes[2]:  256
[    0.000000] x86/fpu: Supporting XSAVE feature 0x01: 'x87 floatiing point registers'
[    0.000000] x86/fpu: Supporting XSAVE feature 0x0 'SSE registers'
[    0.000000] x86/fpu: Supporting XSAVE feature 0x04: 'AVX registers'
[    0.000000] x86/fpu: Enabled xstate features 0x7, context size is 832 bytes, using 'standard' format.
[    0.000000] e820: BIOS-provided physical RAM map:
[    0.000000] BIOS-e820: [mem 0x0000000000000000-0x000000000009fbff] usable
[    0.000000] BIOS-e820: [mem 0x000000000009fc00-0x000000000009ffff] reserved
[    0.000000] BIOS-e820: [mem 0x00000000000f0000-0x00000000000fffff] reserved
[    0.000000] BIOS-e820: [mem 0x0000000000100000-0x000000003ffeffff] usable
[    0.000000] BIOS-e820: [mem 0x00000003fff0000-0x000000003fffffff] ACPI data
[    0.000000] BIOS-e820: [mem 0x00000000fec00000-0x00000000fec00fff] reserved
[    0.000000] BIOS-e820: [mem 0x00000000fee00000-0x00000000fee00fff] reserved
[    0.000000] BIOS-e820: [mem 0x00000000fffc0000-0x00000000ffffffff] reserved
[    0.000000] NX (Execute Disable) protection: active
[    0.000000] SMBIOS 2.5 present.
[    0.000000] Hypervisor detected: KVM
[    0.000000] e820: last_pfn = 0x3fff0 max_arch_pfn = 0x400000000
[    0.000000] MTRR: Disabled
[    0.000000] x86/PAT: MTRRs disabled, skipping PAT initialization too.
[    0.000000] CPU MTRRs all blank - virtualized system.
[    0.000000] x86/PAT: Configuration [0-7]: WB  WT  UC- UC  WB  WT  UC- UC  
[    0.000000] found SMP MP-table at [mem 0x0009fff0-0x0009ffff] mapped at [ffff88000009fff0]
[    0.000000] Scanning 1 areas for low memory corruption
[    0.000000] RAMDISK: [mem 0x362fa000-0x37174fff]
[    0.000000] ACPI: Early table checksum verification disabled
[    0.000000] ACPI: RSDP 0x00000000000E0000 000024 (v02 VBOX  )
[    0.000000] ACPI: XSDT 0x000000003FFF0030 00003C (v01 VBOX   VBOXXSDT 00000001 ASL  00000061)
[    0.000000] ACPI: FACP 0x000000003FFF00F0 0000F4 (v04 VBOX   VBOXFACP 00000001 ASL  00000061)
[    0.000000] ACPI: DSDT 0x000000003FFF0470 0021FF (v02 VBOX   VBOXBIOS 00000002 INTL 20100528)
[    0.000000] ACPI: FACS 0x000000003FFF0200 000040
[    0.000000] ACPI: FACS 0x000000003FFF0200 000040
[    .000000] ACPI: APIC 0x000000003FFF0240 00005C (v02 VBOX   VBOXAPIC 00000001 ASL  00000061)

[    0.000000] ACPI: SSDT 0x000000003FFF02A0 0001CC (v01 VBOX   VBOXCPUT 00000002 INTL 20100528)
[    0.000000] No NUMA configuration found
[    0.000000] Faking a node at [mem 0x0000000000000000-0x000000003ffeffff]
[    0.000000] NODE_DATA(0) aocated [mem 0x3ffeb000-0x3ffeffff]
[    0.000000] kvm-clock: Using msrs 4b564d01 and 4b564d00
[    0.000000] kvm-clock: cpu 0, msr 0:3ffe3001, primary cpu clock
[    0.000000] kvm-clock: using sched offs of 4359645971 cycles
[    0.000000] clocksource: kvm-clock: mask: 0xffffffffffffffff max_cycles: 0x1cd42e4dffb, max_idle_ns: 881590591483 ns
[    0.000000] Zone ranges:
[    0.000000]   DMA      [mem 0x00000000000001000-0x0000000000ffffff]
[    0.000000]   DMA32    [mem 0x0000000001000000-0x000000003ffeffff]
[    0.000000]   Normal   empty
[    0.000000]   Device   empty
[    0.000000] Movable zone start for each node
[    0.000000] Early memory node ranges
[    0.000000]   node   0: [mem 0x0000000000001000-0x000000000009efff]
[    0.000000]   node   0: [mem 0x0000000000100000-0x000000003ffeffff]
[    0.000000] Initmem setup node 0 [mem 0x0000000000001000-0x000000003ffeffff]
[   0.000000] ACPI: PM-Timer IO Port: 0x4008
[    0.000000] IOAPIC[0]: apic_id 2, version 32, address 0xfec00000, GSI 0-23
[    0.000000] ACPI: INT_SRC_OVR (bus 0 bus_irq 0 global_irq 2 dfl dfl)
[    0.000000] ACPI: INT_SRC_OVR (bus 0 bus_irq 9 global_irq 9 low level)
[    0.000000] Using ACPI (MADT) for SMP configuration information
[    0.000000] smpboot: Allowing 2 CPUs, 0 hotplug CPUs
[    0.000000] PM: Registered nosave memory: [mem 0x00000000-0x00000fff]
[    0.000000] PM: Registered nosave memory: [mem 0x0009f000-0x0009ffff]
[    0.000000] PM: Registered nosave memory: [mem 0x000a0000-0x000effff]
[    0.000000] PM: Registered nosave memory: [mem 0x000f0000-0x000fffff]
[    0.000000] e820: [mem 0x40000000-0xfebfffff] available fr PCI devices
[    0.000000] Booting paravirtualized kernel on KVM
[    0.000000] clocksource: refined-jiffies: mask: 0xffffffff max_cycles: 0xffffffff, max_idle_ns: 7645519600211568 ns
[    0.000000] setup_percpu: NR_CPUS:512 nr_cpumask_bits:512 nr_cpu_ids:2 nr_node_ids:1
[    0.000000] PERCPU: Embedded 33 pages/cpu @ffff88003fc00000 s95448 r8192 d31528 u1048576
[    0.000000] Built 1 zonelists in Node order, mobility groupnng on.  Total pages: 257912
[    0.000000] Policy zone: DM2
[    0.000000] Kernel command line: BOOT_IMAGE=/boot/vmlinuz-4.4.0-170-generic root=LABEL=cloudimg-rootfs ro console=tty1 console=ttyS0
[    0.000000] PID hash table entries: 4096 (order: 3, 32768 bytes)
[    0.000000] Memory: 997728K/1048120K available (8626K kernel code, 1336K rwdata, 4036K rodata1488K init, 1288K bss, 50392K reserved, 0K cma-reserved)
[    0.000000] SLUB: HWalign=64,Order=0-3, MinObjects=0, CPUs=2, Nodes=1
[    0.000000] Kernel/User page tables isolation: enabled
[    0.000000] Hierarchical RCU implementation.
[    0.000000] 	Build-time adjustment of leaf fant to 64.
[    0.000000] 	RCU restricting CPUs from NR_CPUS=51 to nr_cpu_ids=2.
[    0.000000] RCU: Adjusting geometry for rcu_fanout_leaf=64, nr_cpu_ids=2
[    0.000000] NR_IRQS:33024 nr_irqs:440 16
[    0.000000] Console: colour VGA+ 80x25
[    0.0000] console [tty1] enabled
[    0.000000] console [ttyS0] enabled
[    0.000000] tsc: Detected 2711.998 MHz processor
[    0.923766] Calibrating delay loop (skipped) preset value.. 5423.99 BogoMIPS (lpj=10847992)
[    0.927406] pid_max: default: 32768 minimum: 301
[    0.929192] ACPI: Core revision 20150930
[    0.939962] ACPI: 2 ACPI AML tables successfully acquired and loaded
[    0.949632] Security Framework initialized
[    0.951278] Yama: becoming mindful.
[    0.952564] AppArmor: AppArmor initialized
[    0.960442] Dentry cache hash table entries: 131072 (order: 8, 1048576 bytes)
[    0.973385] Inode-cache hash table entries: 65536 (order: 7, 524288 bytes)
[    0.976070] Mount-cache hash table entries: 2048 (order: 2, 16384 bytes)
[    0.978520] Mountpoint-cache hash table entries: 2048 (order: 2, 16384 bytes)
[    0.981499] Initializing cgroup subsys io
[    0.983218] Initializing cgroup subsys memory
[    0.997435] Initializing cgroup subsys devices
[    0.999309] Initializing cgroup subsys freezer
[    1.001059] Initializing cgroup subsys net_cls
[    1.002967] Initializing cgroup subsys perf_event
[    1.004962] Initializing cgroup subsys net_prio
[    1.006802] Initializing cgroup subsys hugetlb
[    1.008491] Initializing cgroup subsys pids
[    1.011652] mce: CPU supports 0 MCE banks
[    1.013332] Last level iTLB entries: 4KB 64, 2MB 8, 4MB 8
[    1.015331] Last level dTLB entries: 4KB 64, 2MB 0, 4MB 0, 1GB 4
[    1.017363] Spectre V1 : Mitigation: usercopy/swapgs barriers and __user pointer sanitization
[    1.029221] Spectre V2 : Mitigation: Full generic retpoline
[    1.032865] Spectre V2 : Spectre v2 / SpectreRSB mitigation: Filling RSB on context switch
[    1.045259] Speculative Store Bypass: Vulnerable
[    1.047232] MDS: Vulnerable: Clear CPU buffers attempted, no microcode
[    1.052934] Freeing SMP alternatives memory: 36K
[    1.068303] ftrace: allocating 32302 entries in 127 pages
[    1.179259] smpboot: APIC(0) Converting physical 0 to logical package 0
[    1.181458] smpboot: Max logical packages: 1
[    1.183783] x2apic enabled
[    1.185693] Switched APIC routing to physical x2apic.
[    1.189560] ..TIMER: vector=0x30 apic1=0 pin1=2 apic2=-1 pin2=-1
[    1.300054] smpboot: CPU0: Intel(R) Core(TM) i5-7200U CPU @ 2.50GHz (family: 0x6, model: 0x8e, stepping: 0x9)
[    1.303731] Performance Events: unsupported p6 CPU model 142 no PMU driver, software events only.
[    1.327842] KVM setup paravirtual spinlock
[    1.330231] x86: Booting SMP configuration:
[    1.346542] .... node  #0, CPUs:      #1
[    1.348113] kvm-clock: cpu 1, msr 0:3ffe3041, secondary cpu clock
[    1.351272] mce: CPU supports 0 MCE banks
[    1.354148] x86: Booted up 1 node, 2 CPUs
[    1.358193] smpboot: Total of 2 processors activated (10847.99 BogoMIPS)
[    1.369269] devtmpfs: initialized
[    1.385325] evm: security.selinux
[    1.393321] evm: security.SMACK64
[    1.395396] evm: security.SMACK64EXEC
[    1.399819] evm: security.SMACK64TRANSMUTE
[    1.401595] evm: security.SMACK64MMAP
[    1.403078] evm: security.ima
[    1.414300] evm: security.capability
[    1.422722] clocksource: jiffies: mask: 0xffffffff max_cycles: 0xffffffff, max_idle_ns: 7645041785100000 ns
[    1.445638] futex hash table entries: 512 (order: 3, 32768 bytes)
[    1.448494] pinctrl core: initialized pinctrl subsystem
[    1.467488] RTC time: 11:28:58, date: 01/21/20
[    1.474933] NET: Registered protocol family 16
[    1.490522] cpuidle: using governor ladder
[    1.502274] cpuidle: using governor menu
[    1.504474] PCCT header not found.
[    1.506492] ACPI: bus type PCI registered
[    1.510390] acpiphp: ACPI Hot Plug PCI Controller Driver version: 0.5
[    1.519748] PCI: Using configuration type 1 for base access
[    1.545028] ACPI: Added _OSI(Module Device)
[    1.546723] ACPI: Added _OSI(Processor Device)
[    1.554575] ACPI: Added _OSI(3.0 _SCP Extensions)
[    1.556679] ACPI: Added _OSI(Processor Aggregator Device)
[    1.560586] ACPI: Executed 1 blocks of module-level executable AML code
[    1.566251] ACPI: Interpreter enabled
[    1.574432] ACPI: (supports S0 S5)
[    1.575955] ACPI: Using IOAPIC for interrupt routing
[    1.578360] PCI: Using host bridge windows from ACPI; if necessary, use "pci=nocrs" and report a bug
[    1.595618] ACPI: PCI Root Bridge [PCI0] (domain 0000 [bus 00-ff])
[    1.597814] acpi PNP0A03:00: _OSC: OS supports [ASPM ClockPM Segments MSI]
[    1.602105] acpi PNP0A03:00: _OSC: not requesting OS control; OS requires [ExtendedConfig ASPM ClockPM MSI]
[    1.606097] acpi PNP0A03:00: fail to add MMCONFIG information, can't access extended PCI configuration space under this bridge.
[    1.610254] PCI host bridge to bus 0000:00
[    1.611903] pci_bus 0000:00: root bus resource [io  0x0000-0x0cf7 window]
[    1.627041] pci_bus 0000:00: root bus resource [io  0x0d00-0xffff window]
[    1.629843] pci_bus 0000:00: root bus resource [mem 0x000a0000-0x000bffff window]
[    1.632943] pci_bus 0000:00: root bus resource [mem 0x40000000-0xfdffffff window]
[    1.636191] pci_bus 0000:00: root bus resource [bus 00-ff]
[    1.640529] pci 0000:00:01.1: legacy IDE quirk: reg 0x10: [io  0x01f0-0x01f7]
[    1.642824] pci 0000:00:01.1: legacy IDE quirk: reg 0x14: [io  0x03f6]
[    1.651659] pci 0000:00:01.1: legacy IDE quirk: reg 0x18: [io  0x0170-0x0177]
[    1.654508] pci 0000:00:01.1: legacy IDE quirk: reg 0x1c: [io  0x0376]
[    1.702224] pci 0000:00:07.0: quirk: [io  0x4000-0x403f] claimed by PIIX4 ACPI
[    1.706572] pci 0000:00:07.0: quirk: [io  0x4100-0x410f] claimed by PIIX4 SMB
[    1.717600] ACPI: PCI Interrupt Link [LNKA] (IRQs 5 9 10 *11)
[    1.721867] ACPI: PCI Interrupt Link [LNKB] (IRQs 5 9 *10 11)
[    1.724881] ACPI: PCI Interrupt Link [LNKC] (IRQs 5 *9 10 11)
[    1.727431] ACPI: PCI Interrupt Link [LNKD] (IRQs 5 9 10 *11)
[    1.731683] ACPI: Enabled 2 GPEs in block 00 to 07
[    1.747741] vgaarb: setting as boot device: PCI:0000:00:02.0
[    1.749819] vgaarb: device added: PCI:0000:00:02.0,decodes=io+mem,owns=io+mem,locks=none
[    1.766413] vgaarb: loaded
[    1.773321] vgaarb: bridge control possible 0000:00:02.0
[    1.776011] SCSI subsystem initialized
[    1.777766] ACPI: bus type USB registered
[    1.779372] usbcore: registered new interface driver usbfs
[    1.781581] usbcore: registered new interface driver hub
[    1.783830] usbcore: registered new device driver usb
[    1.786344] PCI: Using ACPI for IRQ routing
[    1.790489] NetLabel: Initializing
[    1.791877] NetLabel:  domain hash size = 128
[    1.793634] NetLabel:  protocols = UNLABELED CIPSOv4
[    1.798586] NetLabel:  unlabeled traffic allowed by default
[    1.800922] amd_nb: Cannot enumerate AMD northbridges
[    1.802935] clocksource: Switched to clocksource kvm-clock
[    1.825346] AppArmor: AppArmor Filesystem Enabled
[    1.827484] pnp: PnP ACPI init
[    1.829960] pnp: PnP ACPI: found 3 devices
[  1.843241] clocksource: acpi_pm: mask: 0xffffff max_cycles: 0xffffff, max_idle_ns: 2085701024 ns
[    1.907666] NET: Registered protocol family 2

[    1.909510] TCP established hash table entries: 8192 (order: 4, 65536 bytes)
[    1.912314] TCP bind hash table entries: 8192 (order: 5, 131072 bytes)
[    1.914711] TCP: Hash tables configured (established 8192 bind 8192)
[    116860] UDP hash table entries: 512 (order: 2, 16384 bytes)
[    1.978001] UDP-Lite hash table entries: 512 (order: 2, 16384 bytes)
[    1.980692] NET: Registered protocol family 1
[    1.982203] pci 0000:00:00.0: Limiting direct PCI/PCI transfers
[    1.984490] pci 0000:00:01.0: Activating ISA DMA hang workarounds
[    1.987064] Unpacking initramfs...

[    2.302787] Freeing initrd memory: 14828K
[    2.305666] clocksource: tsc: mask: 0xffffffffffffffff max_cycles: 0x27178451938, max_idle_ns: 440795251172 ns
[    2.324284] platform rtc_cmos: registered platform RTC device (no PNP device found)
[    2.327314] Scanning for low memory corruption every 60 seconds
[    2.330102] audit: initializing netlink subsys (disabled)
[    2.339582] audit: type=2000 audit(1579606144.590:1): initialized
[    2.341942] Initialise system trusted keyring
[    2.343726] HugeTLB registered 2 MB page size, pre-allocated 0 pages
[    2.353906] zbud: loaded
[    2.368429] VFS: Disk quotas dquot_6.6.0
[    2.370065] VFS: Dquot-cache hash table entries: 512 (order 0, 4096 bytes)
[    2.372669] squashfs: version 4.0 (2009/01/31) Phillip Lougher
[    2.375121] fuse init (API version 7.23)
[    2.380333] Key type big_key registered
[    2.381897] Allocating IMA MOK and blacklist keyrings.
[    2.386143] Key type asymmetric registered
[    2.407635] Asymmetric key parser 'x509' registered
[    2.409524] Block layer SCSI generic (bsg) driver version 0.4 loaded (major 249)
[    2.425129] io scheduler noop registered
[    2.427111] io scheduler deadline registered (default)
[    2.429441] io scheduler cfq registered
[    2.431248] pci_hotplug: PCI Hot Plug PCI Core version: 0.5
[    2.433239] pciehp: PCI Express Hot Plug Controller Driver version: 0.4
[    2.435995] ACPI: AC Adapter [AC] (on-line)
[    2.439426] input: Power Button as /devices/LNXSYSTM:00/LNXPWRBN:00/input/input0
[    2.442172] ACPI: Power Button [PWRF]
[    2.443783] input: Sleep Button as /devices/LNXSYSTM:00/LNXSLPBN:00/input/input1
[    2.455233] ACPI: Sleep Button [SLPF]
[    2.457911] ACPI: Battery Slot [BAT0] (battery present)
[    2.460131] GHES: HEST is not enabled!
[    2.461757] Serial: 8250/16550 driver, 32 ports, IRQ sharing enabled
[    2.487714] 00:02: ttyS0 at I/O 0x3f8 (irq = 4, base_baud = 115200) is a 16550A
[    2.492445] Linux agpgart interface v0.103
[    2.496458] loop: module loaded
[    2.499668] scsi host0: ata_piix
[    2.501218] scsi host1: ata_piix
[    2.502604] ata1: PATA max UDMA/33 cmd 0x1f0 ctl 0x3f6 bmdma 0xd000 irq 14
[    2.505080] ata2: PATA max UDMA/33 cmd 0x170 ctl 0x376 bmdma 0xd008 irq 15
[    2.507902] libphy: Fixed MDIO Bus: probed
[    2.509545] tun: Universal TUN/TAP device driver, 1.6
[    2.517985] tun: (C) 1999-2004 Max Krasnyansky <maxk@qualcomm.com>
[    2.520357] PPP generic driver version 2.4.2
[    2.522529] ehci_hcd: USB 2.0 'Enhanced' Host Controller (EHCI) Driver
[    2.525244] ehci-pci: EHCI PCI platform driver
[    2.527036] ehci-platform: EHCI generic platform driver
[    2.536583] ohci_hcd: USB 1.1 'Open' Host Controller (OHCI) Driver
[    2.553189] ohci-pci: OHCI PCI platform driver
[    2.555991] ohci-platform: OHCI generic platform driver
[    2.558678] uhci_hcd: USB Universal Host Controller Interface driver
[    2.563338] i8042: PNP: PS/2 Controller [PNP0303:PS2K,PNP0f03:PS2M] at 0x60,0x64 irq 1,12
[    2.567987] serio: i8042 KBD port at 0x60,0x64 irq 1
[    2.569665] serio: i8042 AUX port at 0x60,0x64 irq 12
[    2.571750] mousedev: PS/2 mouse device common for all mice
[    2.574626] input: AT Translated Set 2 keyboard as /devices/platform/i8042/serio0/input/input2
[    2.577784] rtc_cmos rtc_cmos: rtc core: registered rtc_cmos as rtc0
[    2.589582] rtc_cmos rtc_cmos: alarms up to one day, 114 bytes nvram
[    2.597470] i2c /dev entries driver
[    2.600240] device-mapper: uevent: version 1.0.3
[    2.603284] device-mapper: ioctl: 4.34.0-ioctl (2015-10-28) initialised: dm-devel@redhat.com
[    2.608587] ledtrig-cpu: registered to indicate activity on CPUs
[    2.613698] NET: Registered protocol family 10
[    2.615747] NET: Registered protocol family 17
[    2.617337] Key type dns_resolver registered
[    2.619731] registered taskstats version 1
[    2.621185] Loading compiled-in X.509 certificates
[    2.623597] Loaded X.509 cert 'Build time autogenerated kernel key: f0e56e97f406068ace47a9bf54316e9855aaaa43'
[    2.643173] zswap: loaded using pool lzo/zbud
[    2.648271] Key type trusted registered
[    2.654827] Key type encrypted registered
[    2.656910] AppArmor: AppArmor sha1 policy hashing enabled
[    2.659378] ima: No TPM chip found, activating TPM-bypass!
[    2.661466] ima: Allocated hash algorithm: sha1
[    2.663613] evm: HMAC attrs: 0x1
[    2.666030]   Magic number: 4:638:479
[    2.668567] rtc_cmos rtc_cmos: setting system clock to 2020-01-21 11:29:00 UTC (1579606140)
[    2.673717] BIOS EDD facility v0.16 2004-Jun-25, 0 devices found
[    2.676731] EDD information not available.
[    2.681234] Freeing unused kernel memory: 1488K
[    2.695882] Write protecting the kernel read-only data: 14336k
[    2.698959] Freeing unused kernel memory: 1604K
[    2.701040] Freeing unused kernel memory: 60K
Loading, please wait...
starting version[    2.725194] random: systemd-udevd: uninitialized urandom read (16 bytes read, 5 bits of entropy available)
 229
[    2.726754] random: udevadm: uninitialized urandom read (16 bytes read, 5 bits of entropy available)
[    2.726784] random: udevadm: uninitialized urandom read (16 bytes read, 5 bits of entropy available)
[    2.740469] random: udevadm: uninitialized urandom read (16 bytes read, 5 bits of entropy available)
[    2.740529] random: udevadm: uninitialized urandom read (16 bytes read, 5 bits of entropy available)
[    2.747846] random: udevadm: uninitialized urandom read (16 bytes read, 5 bits of entropy available)
[    2.747954] random: udevadm: uninitialized urandom read (16 bytes read, 5 bits of entropy available)
[    2.748030] random: udevadm: uninitialized urandom read (16 bytes read, 5 bits of entropy available)
[    2.748111] random: udevadm: uninitialized urandom read (16 bytes read, 5 bits of entropy available)
[    2.748181] random: udevadm: uninitialized urandom read (16 bytes read, 5 bits of entropy available)
[    2.853737] e1000: Intel(R) PRO/1000 Network Driver - version 7.3.21-k8-NAPI
[    2.856075] e1000: Copyright (c) 1999-2006 Intel Corporation.
[    2.867749] Fusion MPT base driver 3.04.20
[    2.869285] Copyright (c) 1999-2008 LSI Corporation
[    2.882186] AVX2 version of gcm_enc/dec engaged.
[    2.884071] AES CTR mode by8 optimization enabled
[    2.913047] Fusion MPT SPI Host driver 3.04.20
[    3.081825] input: ImExPS/2 Generic Explorer Mouse as /devices/platform/i8042/serio1/input/input4
[    3.294191] e1000 0000:00:03.0 eth0: (PCI:33MHz:32-bit) 02:dd:45:a7:5d:a0
[    3.296615] e1000 0000:00:03.0 eth0: Intel(R) PRO/1000 Network Connection
[    3.299964] e1000 0000:00:03.0 enp0s3: renamed from eth0
[    3.302157] mptbase: ioc0: Initiating bringup
[    3.371874] ioc0: LSI53C1030 A0: Capabilities={Initiator}
[    3.549649] scsi host2: ioc0: LSI53C1030 A0, FwRev=00000000h, Ports=1, MaxQ=256, IRQ=20
[    3.692248] scsi 2:0:0:0: Direct-Access     VBOX     HARDDISK         1.0  PQ: 0 ANSI: 5
[    3.697038] scsi target2:0:0: Beginning Domain Validation
[    3.700658] scsi target2:0:0: Domain Validation skipping write tests
[    3.702843] scsi target2:0:0: Ending Domain Validation
[    3.704966] scsi target2:0:0: asynchronous
[    3.707300] scsi 2:0:1:0: Direct-Access     VBOX     HARDDISK         1.0  PQ: 0 ANSI: 5
[    3.717346] scsi target2:0:1: Beginning Domain Validation
[    3.721439] scsi target2:0:1: Domain Validation skipping write tests
[    3.731066] scsi target2:0:1: Ending Domain Validation
[    3.733088] scsi target2:0:1: asynchronous
[    3.762504] sd 2:0:0:0: Attached scsi generic sg0 type 0
[    3.771422] sd 2:0:0:0: [sda] 20971520 512-byte logical blocks: (10.7 GB/10.0 GiB)
[    3.771559] sd 2:0:1:0: Attached scsi generic sg1 type 0
[    3.783242] sd 2:0:1:0: [sdb] 20480 512-byte logical blocks: (10.5 MB/10.0 MiB)
[    3.786150] sd 2:0:0:0: [sda] Write Protect is off
[    3.787193] sd 2:0:0:0: [sda] Incomplete mode parameter data
[    3.787195] sd 2:0:0:0: [sda] Assuming drive cache: write through
[    3.805133]  sda: sda1
[    3.807153] sd 2:0:0:0: [sda] Attached SCSI disk
[    3.838580] sd 2:0:1:0: [sdb] Write Protect is off
[    3.841110] sd 2:0:1:0: [sdb] Incomplete mode parameter data
[    3.843524] sd 2:0:1:0: [sdb] Assuming drive cache: write through
[    3.852321] sd 2:0:1:0: [sdb] Attached SCSI disk
Begin: Loading essential drivers ... [    5.500537] md: linear personality registered for level -1
[    5.507905] md: multipath personality registered for level -4
[    5.515161] md: raid0 personality registered for level 0
[    5.522576] md: raid1 personality registered for level 1
[    5.595201] raid6: sse2x1   gen()  8539 MB/s
[    5.663430] raid6: sse2x1   xor()  5084 MB/s
[    5.731726] raid6: sse2x2   gen()  9816 MB/s
[    5.799067] raid6: sse2x2   xor()  7449 MB/s
[    5.867412] raid6: sse2x4   gen() 12816 MB/s
[    5.935709] raid6: sse2x4   xor()  7320 MB/s
[    6.003066] raid6: avx2x1   gen() 15399 MB/s
[    6.075258] raid6: avx2x2   gen() 18453 MB/s
[    6.143172] raid6: avx2x4   gen() 21128 MB/s
[    6.144684] raid6: using algorithm avx2x4 gen() 21128 MB/s
[    6.146758] raid6: using avx2x2 recovery algorithm
[    6.150574] xor: automatically using best checksumming function:
[    6.191017]    avx       : 20350.000 MB/sec
[    6.193989] async_tx: api initialized (async)
[    6.217039] md: raid6 personality registered for level 6
[    6.219457] md: raid5 personality registered for level 5
[    6.229993] md: raid4 personality registered for level 4
[    6.249358] md: raid10 personality registered for level 10
done.
Begin: Running /scripts/init-premount ... done.
Begin: Mounting root file system ... Begin: Running /scripts/local-top ... done.
Begin: Running /scripts/local-premount ... [    6.315698] Btrfs loaded
Scanning for Btrfs filesystems
done.
Warning: fsck not present, so skipping root file system
[    6.371871] EXT4-fs (sda1): mounted filesystem with ordered data mode. Opts: (null)
done.
Begin: Running /scripts/local-bottom ... done.
Begin: Running /scripts/init-bottom ... done.
[    6.503137] systemd[1]: systemd 229 running in system mode. (+PAM +AUDIT +SELINUX +IMA +APPARMOR +SMACK +SYSVINIT +UTMP +LIBCRYPTSETUP +GCRYPT +GNUTLS +ACL +XZ -LZ4 +SECCOMP +BLKID +ELFUTILS +KMOD -IDN)
[    6.508410] systemd[1]: Detected virtualization oracle.
[    6.509866] systemd[1]: Detected architecture x86-64.

Welcome to [1mUbuntu 16.04.6 LTS[0m!

[    6.529807] systemd[1]: Set hostname to <ubuntu>.
[    6.534631] systemd[1]: Initializing machine ID from random generator.
[    6.537314] systemd[1]: Installed transient /etc/machine-id file.
[    6.722390] systemd[1]: Listening on LVM2 poll daemon socket.
[[0;32m  OK  [0m] Listening on LVM2 poll daemon socket.
[    6.727179] systemd[1]: Listening on Journal Socket.
[[0;32m  OK  [0m] Listening on Journal Socket.
[    6.730398] systemd[1]: Started Forward Password Requests to Wall Directory Watch.
[[0;32m  OK  [0m] Started Forward Password Requests to Wall Directory Watch.
[    6.735136] systemd[1]: Reached target Swap.
[[0;32m  OK  [0m] Reached target Swap.
[    6.740555] systemd[1]: Started Trigger resolvconf update for networkd DNS.
[[0;32m  OK  [0m] Started Trigger resolvconf update for networkd DNS.
[    6.776075] systemd[1]: Listening on Device-mapper event daemon FIFOs.
[[0;32m  OK  [0m] Listening on Device-mapper event daemon FIFOs.
[    6.781088] systemd[1]: Listening on udev Kernel Socket.
[[0;32m  OK  [0m] Listening on udev Kernel Socket.
[    6.787437] systemd[1]: Reached target System Time Synchronized.
[[0;32m  OK  [0m] Reached target System Time Synchronized.
[    6.819470] systemd[1]: Listening on Journal Socket (/dev/log).
[[0;32m  OK  [0m] Listening on Journal Socket (/dev/log).
[    6.831468] systemd[1]: Reached target User and Group Name Lookups.
[[0;32m  OK  [0m] Reached target User and Group Name Lookups.
[    6.836386] systemd[1]: Created slice System Slice.
[[0;32m  OK  [0m] Created slice System Slice.
[    6.868039] systemd[1]: Starting Remount Root and Kernel File Systems...
[    6.872570] EXT4-fs (sda1): re-mounted. Opts: (null)
         Starting Remount Root and Kernel File Systems...
[    6.923739] systemd[1]: Starting Load Kernel Modules...
         Starting Load Kernel Modules...
[    6.928692] systemd[1]: Created slice system-serial\x2dgetty.slice.
[[0;32m  OK  [0m] Created slice system-serial\x2dgetty.slice.[    6.939582] Loading iSCSI transport class v2.0-870.

[    6.973885] systemd[1]: Starting Nameserver information manager...
         Startin[    6.981926] iscsi: registered transport (tcp)
g Nameserver information manager...
[    7.002292] systemd[1]: Listening on Journal Audit Socket.
[[0;32m  OK  [0m] Listening on Journal Audit Socket.
[    7.013251] systemd[1]: Reached target Encrypted Volumes.
[[0;32m  OK  [0m] Reached target Encrypted Volumes.
[    7.033298] iscsi: registered transport (iser)
[    7.039895] systemd[1]: Starting Uncomplicated firewall...
         Starting Uncomplicated firewall...
[    7.050299] systemd[1]: Listening on Syslog Socket.
[[0;32m  OK  [0m] Listening on Syslog Socket.
[    7.058665] systemd[1]: Starting Create list of required static device nodes for the current kernel...
         Starting Create list of required st... nodes for the current kernel...
[    7.089836] systemd[1]: Listening on /dev/initctl Compatibility Named Pipe.
[[0;32m  OK  [0m] Listening on /dev/initctl Compatibility Named Pipe.
[    7.101770] systemd[1]: Created slice User and Session Slice.
[[0;32m  OK  [0m] Created slice User and Session Slice.
[    7.113308] systemd[1]: Reached target Slices.
[[0;32m  OK  [0m] Reached target Slices.
[    7.127618] systemd[1]: Mounting Huge Pages File System...
         Mounting Huge Pages File System...
[    7.141295] systemd[1]: Starting Journal Service...
         Starting Journal Service...
[    7.146617] systemd[1]: Mounting POSIX Message Queue File System...
         Mounting POSIX Message Queue File System...
[    7.150801] systemd[1]: Listening on LVM2 metadata daemon socket.
[[0;32m  OK  [0m] Listening on LVM2 metadata daemon socket.
[    7.164389] systemd[1]: Starting Monitoring of LVM2 mirrors, snapshots etc. using dmeventd or progress polling...
         Starting Monitoring of LVM2 mirrors... dmeventd or progress polling...
[    7.174503] systemd[1]: Set up automount Arbitrary Executable File Formats File System Automount Point.
[[0;32m  OK  [0m] Set up automount Arbitrary Executab...ats File System Automount Point.
[    7.188323] systemd[1]: Mounting Debug File System...
         Mounting Debug File System...
[    7.199616] systemd[1]: Starting Set console keymap...
[    7.202069] random: nonblocking pool is initialized
         Starting Set console keymap...
[    7.206737] systemd[1]: Listening on udev Control Socket.
[[0;32m  OK  [0m] Listening on udev Control Socket.
[    7.213798] systemd[1]: Mounted POSIX Message Queue File System.
[[0;32m  OK  [0m] Mounted POSIX Message Queue File System.
[    7.227816] systemd[1]: Mounted Debug File System.
[[0;32m  OK  [0m] Mounted Debug File System.
[    7.232497] systemd[1]: Mounted Huge Pages File System.
[[0;32m  OK  [0m] Mounted Huge Pages File System.
[    7.268797] systemd[1]: Started Journal Service.
[[0;32m  OK  [0m] Started Journal Service.
[[0;32m  OK  [0m] Started Remount Root and Kernel File Systems.
[[0;32m  OK  [0m] Started Load Kernel Modules.
[[0;32m  OK  [0m] Started Uncomplicated firewall.
[[0;32m  OK  [0m] Started Create list of required sta...ce nodes for the current kernel.
[[0;32m  OK  [0m] Started Set console keymap.
[[0;32m  OK  [0m] Started Nameserver information manager.
[[0;32m  OK  [0m] Started LVM2 metadata daemon.
         Starting Create Static Device Nodes in /dev...
         Starting Apply Kernel Variables...
         Mounting FUSE Control File System...
         Starting udev Coldplug all Devices...
         Starting Load/Save Random Seed...
         Starting Flush Journal to Persistent Storage...
[[0;32m  OK  [0m] Mounted FUSE Control File System.
[[0;32m  OK  [0m] Started Create Static Device Nodes in /dev.
[[0;32m  OK  [0m] Started Apply Kernel Variables.
[[0;32m  OK  [0m] Started Load/Save Random Seed.
         Starting udev Kernel Device Manager...
[[0;32m  OK  [0m] Started Flush Journal to Persistent Storage.
[[0;32m  OK  [0m] Started udev Coldplug all Devices.
[[0;32m  OK  [0m] Started udev Kernel Device Manager.
[[0;32m  OK  [0m] Started Monitoring of LVM2 mirrors,...ng dmeventd or progress polling.
[[0;32m  OK  [0m] Reached target Local File Systems (Pre).
[[0;32m  OK  [0m] Reached target Local File Systems.
         Starting Initial cloud-init job (pre-networking)...
         Starting Commit a transient machine-id on disk...
         Starting Tell Plymouth To Write Out Runtime Data...
         Starting Set console font and keymap...
         Starting Create Volatile Files and Directories...
         Starting LSB: AppArmor initialization...
[[0;32m  OK  [0m] Started Dispatch Password Requests to Console Directory Watch.
[[0;32m  OK  [0m] Started Commit a transient machine-id on disk.
[[0;32m  OK  [0m] Started Tell Plymouth To Write Out Runtime Data.
[[0;32m  OK  [0m] Started Create Volatile Files and Directories.
         Starting Update UTMP about System Boot/Shutdown...
[[0;32m  OK  [0m] Started Update UTMP about System Boot/Shutdown.
[[0;32m  OK  [0m] Found device /dev/ttyS0.
[[0;32m  OK  [0m] Listening on Load/Save RF Kill Switch Status /dev/rfkill Watch.
[    9.084532] cloud-init[475]: Cloud-init v. 19.2-36-g059d049c-0ubuntu2~16.04.1 running 'init-local' at Tue, 21 Jan 2020 11:29:07 +0000. Up 8.31 seconds.
[[0;32m  OK  [0m] Started Initial cloud-init job (pre-networking).
[[0;32m  OK  [0m] Reached target Network (Pre).
[[0;32m  OK  [0m] Started Set console font and keymap.
[[0;32m  OK  [0m] Created slice system-getty.slice.
[[0;32m  OK  [0m] Started LSB: AppArmor initialization.
         Starting Raise network interfaces...
[[0;32m  OK  [0m] Started Raise network interfaces.
[[0;32m  OK  [0m] Reached target Network.
         Starting Initial cloud-init job (metadata service crawler)...
[   11.741236] cloud-init[945]: Cloud-init v. 19.2-36-g059d049c-0ubuntu2~16.04.1 running 'init' at Tue, 21 Jan 2020 11:29:09 +0000. Up 10.59 seconds.
[   11.756332] cloud-init[945]: ci-info: ++++++++++++++++++++++++++++++++++++++Net device info++++++++++++++++++++++++++++++++++++++
[   11.763442] cloud-init[945]: ci-info: +--------+------+----------------------------+---------------+--------+-------------------+
[   11.768023] cloud-init[945]: ci-info: | Device |  Up  |          Address           |      Mask     | Scope  |     Hw-Address    |
[   11.834155] [cloud-init[0;32m  OK  [0m[945]: ] ci-info: +--------+------+----------------------------+---------------+--------+-------------------+Started Initial cloud-init job (metadata service crawler).

[   11.835053] [[0;32m  OK  [0m] Reached target Cloud-config availability.
[[0;32m  OK  [0m] Reached target System Initialization.
[[0;32m  OK  [0m] Listening on ACPID Listen Socket.
cloud-init[945]: ci-info: | enp0s3 | True |         10.0.2.15          | 255.255.255.0 | global | 02:dd:45:a7:5d:a0 |[[0;32m  OK  [0m] Started ACPI Events Check.
[[0;32m  OK  [0m] Reached target Paths.

[   11.892549] [[0;32m  OK  [0m] Started Message of the Day.
         Starting Socket activation for snappy daemon.
cloud-init         Starting LXD - unix socket.
[[0;32m  OK  [0m] Listening on UUID daemon activation socket.
[[0;32m  OK  [0m] Started Daily Cleanup of Temporary Directories.
[[0;32m  OK  [0m] Started Daily apt download activities.
[[0;32m  OK  [0m] Started Daily apt upgrade and clean activities.
[[0;32m  OK  [0m] Reached target Timers.
[[0;32m  OK  [0m] Listening on D-Bus System Message Bus Socket.
[[0;32m  OK  [0m] Reached target Network is Online.
[945]: ci-info: | enp0s3 | True | fe80::dd:45ff:fea7:5da0/64 |       .       |  link  | 02:dd:45:a7:5d:a0 |
         Starting iSCSI initiator daemon (iscsid)...
[[0;32m  OK  [0m] Listening on Socket activation for snappy daemon.
[[0;32m  OK  [0m] Listening on LXD - unix socket.
[   11.952275] cloud-init[945]: ci-info: |   lo   | True |         127.0.0.1          |   255.0.0.0   |  host  |         .         |
[   11.976814] cloud-init[945]: ci-info: |   lo   | True |          ::1/128           |       .       |  host  |         .         |
[[0;32m  OK  [0m] Reached target Sockets.
[[0;32m  OK  [0m] Reached target Basic System.
[   12.030155] cloud-init[945]: ci-info: +--------+------+----------------------------+---------------+--------+-------------------+
[   12.079324] cloud-init[945]: ci-info: +++++++++++++++++++++++++++Route IPv4 info++++++++++++++++++++++++++++
         Starting Pollinate to seed the pseudo random number generator...
[   12.084524] cloud-init[945]: ci-info: +-------+-------------+----------+---------------+-----------+-------+
[   12.105393] cloud-init[945]: ci-info: | Route | Destination | Gateway  |    Genmask    | Interface | Flags |[[0;32m  OK  [0m] Started Regular background program processing daemon.

[   12.134578]          Starting Login Service...
cloud-init[945]:          Starting /etc/rc.local Compatibility...
ci-info: +-------+-------------+----------+---------------+-----------+-------+
[   12.152458] cloud-init[945]: ci-info: |   0   |   0.0.0.0   | 10.0.2.2 |    0.0.0.0    |   enp0s3  |   UG  |
[   12.152597] cloud-init[945]: ci-info: |   1   |   10.0.2.0  | 0.0.0.0  | 255.255.255.0 |   enp0s3  |   U   |
[   12.154513] cloud-init[945]: ci-info: +-------+-------------+----------+---------------+-----------+-------+
[   12.155333] cloud-init[945]: ci-info: +++++++++++++++++++Route IPv6 info+++++++++++++++++++
[   12.155479] cloud-init[945]: ci-info: +-------+-------------+---------+-----------+-------+
[   12.155540] cloud-init[945]: ci-info: | Route | Destination | Gateway | Interface | Flags |
[   12.155597] cloud-init[945]: ci-info: +-------+-------------+---------+-----------+-------+
[   12.155693] cloud-init[945]: ci-info: |   0   |  fe80::/64  |    ::   |   enp0s3  |   U   |
[   12.155753] cloud-init[945]: ci-info: |   3   |   ff00::/8  |    ::   |   enp0s3  |   U   |
[   12.155811] cloud-init[945]: ci-info: +-------+-------------+---------+-----------+-------+
[[0;32m  OK  [0m] Started ACPI event daemon.
[   12.156518] cloud-init[945]: Generating public/private rsa key pair.
[   12.474936] cloud-init[945]: Your identification has been saved in /etc/ssh/ssh_host_rsa_key.
         [   12.512476] cloud-init[945]: Your public key has been saved in /etc/ssh/ssh_host_rsa_key.pub.
[   12.513354] cloud-init[945]: The key fingerprint is:
[   12.513650] cloud-init[945]: SHA256:L9o6GtkZVxzQ8B4t80+232WPhy5v17sRW8NqrVOQeEw root@ubuntu-xenial
[   12.513964] cloud-init[945]: The key's randomart image is:
[   12.514316] cloud-init[945]: +---[RSA 2048]----+
[   12.514632] cloud-init[945]: |        o+.      |
[   12.514997] cloud-init[945]: |         o.o E   |
[   12.515334] cloud-init[945]: |          B = .  |
Starting LSB: Record successful boot for GRUB...
[   12.515685] cloud-init[945]: |         o * =.  |
[   12.649819] cloud-init[945]: |      . S . o ++.|
[   12.652636] cloud-init[945]: |     o + .   +oo=|
[   12.681502] cloud-init[945]: |    o o . .  o+=+|
[   12.681925] cloud-init[945]: |     ..o .  o.++O|
[   12.682787] cloud-init[945]: |    ..oo.    *==*|
[   12.683140] cloud-init[945]: +----[SHA256]-----+
         Starting Virtualbox guest utils...
[   12.683765] cloud-init[945]: Generating public/private dsa key pair.
[   12.733786] cloud-init[945]: Your identification has been saved in /etc/ssh/ssh_host_dsa_key.
[   12.734242] cloud-init[945]: Your public key has been saved in /etc/ssh/ssh_host_dsa_key.pub.
[[0;32m  OK  [0m] Started FUSE filesystem for LXC.
[   12.735821] cloud-init[945]: The key fingerprint is:
[   12.761609] cloud-init[945]: SHA256:EvuCMNkqAhQr/Ncac2Vk5suja/BnasnDfVjzEW9N+NU root@ubuntu-xenial
         Starting Accounts Service...[   12.774094] cloud-init[945]: The key's randomart image is:
[   12.776096] cloud-init[945]: +---[DSA 1024]----+
[   12.776313] cloud-init[945]: | .       +       |
[   12.776792] cloud-init[945]: |. o     =        |
[   12.776990] cloud-init[945]: |.+    .  +     ..|
[   12.777202] cloud-init[945]: |o .o  .o+ .  .. E|
[   12.777467] cloud-init[945]: |. +..+ooS+    ooo|
[   12.777807] cloud-init[945]: |.  +.o=o. .o . oo|
[   12.778139] cloud-init[945]: |o . ..*.+ o o o  |
[   12.778509] cloud-init[945]: |..     X.= . .   |
[   12.779193] cloud-init[945]: |      oo= .      |
[   12.779861] cloud-init[945]: +----[SHA256]-----+
[   12.780143] cloud-init[945]: Generating public/private ecdsa key pair.

[   12.780903] cloud-init[945]: Your identification has been saved in /etc/ssh/ssh_host_ecdsa_key.
[   12.817930] cloud-init[945]: Your public key has been saved in /etc/ssh/ssh_host_ecdsa_key.pub.
[   12.818664] cloud-init[945]: The key fingerprint is:
[   12.818977] cloud-init[945]: SHA256:BGCDQ87/O4bxPV3R+4gLN3gGyYcOLFA6LLPVoCf2ozk root@ubuntu-xenial
[   12.819353] cloud-init[945]: The key's randomart image is:
         Starting System Logging Service...
[   12.819640] cloud-init[945]: +---[ECDSA 256]---+
[   12.844440] cloud-init[945]: | ...=.o          |
[   12.852937] cloud-init[945]: | oo+ * .         |
[   12.854553] cloud-init[945]: |  O.B . .    .   |
[   12.857915] cloud-init[945]: | . X o o . o. .  |
[   12.858853] cloud-init[945]: |  . + . S = .. . |
[[0;32m  OK  [0m] Started D-Bus System Message Bus.
[   12.859136] cloud-init[945]: |   o.o . o +. .  |
[   12.878256] cloud-init[945]: |  E  +.. .+.=. o |
[   12.882031] cloud-init[945]: |   .. +.o .=... .|
[   12.884655] cloud-init[945]: |     ... .  ..   |
[   12.888188] cloud-init[945]: +----[SHA256]-----+
[   12.890462] cloud-init[945]: Generating public/private ed25519 key pair.
[   12.893669] cloud-init[945]: Your identification has been saved in /etc/ssh/ssh_host_ed25519_key.
[   12.896936] cloud-init[945]: Your public key has been saved in /etc/ssh/ssh_host_ed25519_key.pub.
[   12.916455] cloud-init[945]: The key fingerprint is:
[[0;32m  OK  [0m] Started Deferred execution scheduler.
         Starting LSB: MD monitoring daemon...
         Starting LXD - container startup/shutdown...
[   12.923446] cloud-init[945]: SHA256:S5Oxcv2Xh6TZ4AbWjmkHhiCHDvkfgN7spkOU1bRGcj8 root@ubuntu-xenial
[   13.046075] cloud-init[945]: The key's randomart image is:
[   13.046457] cloud-init[945]: +--[ED25519 256]--+
         Starting Snappy daemon...
[   13.046903] cloud-init[945]: |    .o+          |
[   13.066068] cloud-init[945]: |   o.=.o         |
[   13.078373] cloud-init[945]: |  +o+ = E        |
[   13.078869] cloud-init[945]: | .o* = . B .     |
[   13.079835] cloud-init[945]: | .. = o S * o .  |
[   13.081085] cloud-init[945]: |  .. . = = O * o |
[[0;32m  OK  [0m] Started System Logging Service.
[   13.081375] [[0;32m  OK  [0m] Started iSCSI initiator daemon (iscsid).
[[0;32m  OK  [0m] Started Pollinate to seed the pseudo random number generator.
cloud-init[945]: | .  o . . + O = .|
[   13.111532] cloud-init[[0;32m  OK  [0m] Started /etc/rc.local Compatibility.
[945]: |  .o     . o . . |
[   13.117499] cloud-init[945]: |  ..             |
[   13.144593] cloud-init[945]: +----[SHA256]-----+
[[0;32m  OK  [0m] Started LXD - container startup/shutdown.
[[0;32m  OK  [0m] Started LSB: Record successful boot for GRUB.
[[0;32m  OK  [0m] Started LSB: MD monitoring daemon.
[[0;32m  OK  [0m] Started Login Service.
[[0;32m  OK  [0m] Started Unattended Upgrades Shutdown.
         Starting Authenticate and Authorize Users to Run Privileged Tasks...
         Starting OpenBSD Secure Shell server...
         Starting Login to default iSCSI targets...
[[0;32m  OK  [0m] Started Virtualbox guest utils.
[[0;32m  OK  [0m] Started Authenticate and Authorize Users to Run Privileged Tasks.
[[0;32m  OK  [0m] Started Login to default iSCSI targets.
[[0;32m  OK  [0m] Started OpenBSD Secure Shell server.
[[0;32m  OK  [0m] Started Accounts Service.
[[0;32m  OK  [0m] Started Snappy daemon.
         Starting Wait until snapd is fully seeded...
[[0;32m  OK  [0m] Reached target Remote File Systems (Pre).
[[0;32m  OK  [0m] Reached target Remote File Systems.
         Starting LSB: Set the CPU Frequency Scaling governor to "ondemand"...
         Starting Permit User Sessions...
         Starting LSB: daemon to balance interrupts for SMP systems...
         Starting LSB: automatic crash report generation...
[[0;32m  OK  [0m] Started Permit User Sessions.
         Starting Hold until boot process finishes up...
         Starting Terminate Plymouth Boot Screen...
[[0;32m  OK  [0m] Started LSB: Set the CPU Frequency Scaling governor to "ondemand".
[[0;32m  OK  [0m] Started Hold until boot process finishes up.
[[0;32m  OK  [0m] Started Terminate Plymouth Boot Screen.
[[0;32m  OK  [0m] Started Serial Getty on ttyS0.
[[0;32m  OK  [0m] Started Getty on tty1.
[[0;32m  OK  [0m] Reached target Login Prompts.
         Starting Set console scheme...
[[0;32m  OK  [0m] Started LSB: daemon to balance interrupts for SMP systems.
[[0;32m  OK  [0m] Started LSB: automatic crash report generation.
[[0;32m  OK  [0m] Started Set console scheme.
[[0;32m  OK  [0m] Created slice User Slice of vagrant.
         Starting User Manager for UID 1000...
[[0;32m  OK  [0m] Started Session 1 of user vagrant.
[[0;32m  OK  [0m] Started User Manager for UID 1000.
[[0;32m  OK  [0m] Started Wait until snapd is fully seeded.
         Starting Apply the settings specified in cloud-config...
[[0;32m  OK  [0m] Reached target Multi-User System.
[[0;32m  OK  [0m] Reached target Graphical Interface.
         Starting Update UTMP about System Runlevel Changes...
[[0;32m  OK  [0m] Started Update UTMP about System Runlevel Changes.
[   16.048517] cloud-init[1377]: Generating locales (this might take a while)...
[   17.790801] cloud-init[1377]:   en_US.UTF-8... done
[   17.793429] cloud-init[1377]: Generation complete.
[   18.291752] cloud-init[1377]: Cloud-init v. 19.2-36-g059d049c-0ubuntu2~16.04.1 running 'modules:config' at Tue, 21 Jan 2020 11:29:14 +0000. Up 15.71 seconds.
[[0;32m  OK  [0m] Started Apply the settings specified in cloud-config.
         Starting Execute cloud user/final scripts...
ci-info: no authorized ssh keys fingerprints found for user ubuntu.
<14>Jan 21 11:29:18 ec2: 
<14>Jan 21 11:29:18 ec2: #############################################################
<14>Jan 21 11:29:18 ec2: -----BEGIN SSH HOST KEY FINGERPRINTS-----
<14>Jan 21 11:29:18 ec2: 1024 SHA256:EvuCMNkqAhQr/Ncac2Vk5suja/BnasnDfVjzEW9N+NU root@ubuntu-xenial (DSA)
<14>Jan 21 11:29:18 ec2: 256 SHA256:BGCDQ87/O4bxPV3R+4gLN3gGyYcOLFA6LLPVoCf2ozk root@ubuntu-xenial (ECDSA)
<14>Jan 21 11:29:18 ec2: 256 SHA256:S5Oxcv2Xh6TZ4AbWjmkHhiCHDvkfgN7spkOU1bRGcj8 root@ubuntu-xenial (ED25519)
<14>Jan 21 11:29:18 ec2: 2048 SHA256:L9o6GtkZVxzQ8B4t80+232WPhy5v17sRW8NqrVOQeEw root@ubuntu-xenial (RSA)
<14>Jan 21 11:29:18 ec2: -----END SSH HOST KEY FINGERPRINTS-----
<14>Jan 21 11:29:18 ec2: #############################################################
-----BEGIN SSH HOST KEY KEYS-----
ecdsa-sha2-nistp256 AAAAE2VjZHNhLXNoYTItbmlzdHAyNTYAAAAIbmlzdHAyNTYAAABBBJ80FfezeeBPnRqo6PV/KOHQg3ypDLwkrwcSN6g9Nx1R9W+1bl+HdMHPLjxtfHJxnCnMl+VnIjgoBnh41bQ6cu4= root@ubuntu-xenial
ssh-ed25519 AAAAC3NzaC1lZDI1NTE5AAAAILVDDGomzCOsMuGR5FEOVS09peJ7UAAVqEfus+Cf5k3B root@ubuntu-xenial
ssh-rsa AAAAB3NzaC1yc2EAAAADAQABAAABAQDfAE3MPEXtycHF23JHRFhsbJvMZnrJiBAYVQdRFqeDhqfQkkkISlJXTC/BXk189GJfgwzkMZRIY55pYfOEz15XuhqXGhb7JqiGC+htHCqtmwJpcKfeLVY/r0yjUeamIQOR+EBG55SNTH2bv6pOMJeZHc1GiDIKRTmvth3M+uk0YSO8jjCRLalirmuy/EtyCAnI64z88wzY668W9oHxLiAYiYpqz1Q4j2b9WM9uvIpP+a5fHPRCAiKirEcEnBc7Uxt7OiVm4cHVdUwDbEWWcnPDAIWNaydLvE3qz4460XDNCNBSrNRGHWuBEreTapHfhgGBNrKOHFqYJHQNQscnTY73 root@ubuntu-xenial
-----END SSH HOST KEY KEYS-----
[   19.489108] cloud-init[1544]: Cloud-init v. 19.2-36-g059d049c-0ubuntu2~16.04.1 running 'modules:final' at Tue, 21 Jan 2020 11:29:18 +0000. Up 19.23 seconds.
[   19.489414] cloud-init[1544]: ci-info: no authorized ssh keys fingerprints found for user ubuntu.
[   19.489645] cloud-init[1544]: Cloud-init v. 19.2-36-g059d049c-0ubuntu2~16.04.1 finished at Tue, 21 Jan 2020 11:29:18 +0000. Datasource DataSourceNoCloud [seed=/dev/sdb][dsmode=net].  Up 19.47 seconds

Ubuntu 16.04.6 LTS ubuntu-xenial ttyS0

ubuntu-xenial login: 