[    0.000000] Initializing cgroup subsys cpuset
[    0.000000] Initializing cgroup subsys cpu
[    0.000000] Initializing cgroup subsys cpuacct
[    0.000000] Linux version 4.4.0-170-generic (buildd@lcy01-amd64-019) (gcc version 5.4.0 20160609 (Ubuntu 5.4.0-6ubuntu1~16.04.12) ) #199-Ubuntu SMP Thu Nov 14 01:45:04 UTC 2019 (Ubuntu 4.4.0-170.199-generic 4.4.200)
[    0.000000] Command line: BOOT_IMAGE=/boot/vmlinuz-4.4.0-170-generic root=LABEL=cloudimg-rootfs ro console=tty1 console=ttyS0
[    0.000000] KERNEL supported cpus:
[    0.000000]   Intel GenuineIntl
[  .000000]   AMD AuthenticAMD
[  0.000000]   Centaur CentaurHauls
[    0.000000] x86/fpu: xstate_offset[2]:  576, xstate_sizes[2]:  256
[    0.000000] x86/fpu: Supporting XSAVE feature 0x01: 'x87 floating point registers'
[    0.000000] x86/fpu: Supporting XSAVE feature 0x02: 'SSE registers'
[    0.000000] x86/fpu: Supporting XSAVE feature 0x04: 'AVX registers'
[    0.000000] x86/fpu: Enabled xstate features 0x7, context size is 832 bytes, using 'standard' format.
[    0.000000] e820: BIOS-provided physical RAM map:
[    0.000000] BIOS-e820: [mem 0x0000000000000000-0x000000000009fbff] usable
[    0.000000] BIOS-e820: [mem 0x000000000009fc00-0x000000000009ffff] reserved
[    0.000000] BIOS-e820: [mem 0x000000000000000-0x00000000000fffff] reserved
[    0.000000] BIOS-e820: [mem 0x0000000000100000-0x000000003ffeffff] usable
[    0.000000] BIOS-e820: [mem 0x000000003fff0000-0x000000003fffffff] ACPI data
[    0.000000] BIOS-e820: [mem 0x00000000fec00000-0x00000000fec00fff] reserved
[   0.000000] BIOS-e820: [mem 0x00000000fee00000-0x00000000fee00fff] reserved
[    0.000000] BIOS-e820: [mem 0x00000000fffc0000-0x00000000ffffffff] reserved
[    0.000000] NX (Execute Disable) protection: active
[    0.000000] SMBIOS 2.5 present.
[    0.000000] Hypervisor detected: KVM
[    0.000000] e820: last_pfn = 0x3fff0 max_arch_pfn = 0x400000000
[    0.000000] MTRR: Disabled
[    0.000000] x6/PAT: MTRRs disabled, skipping PAT initialization too.
[    0.000000] CPU MRs all blank - virtualized system.
[    0.000000] x86/PAT: Configuration [0-7]: WB  WT  UC- UC  WB  WT  UC- UC  
[    0.000000] found SMP MP-table at [mem 0x0009fff0-0x0009ffff] mapped at [ffff88000009fff0]
[    0.000000] Scanning 1 areas for low memory corruption
[    0.000000] RAMDISK: [mem 0x362fa000-0x37174fff]
[    0.000000] ACPI: Early table checksum verification disabled
[    0.000000] ACPI: RSDP 0x00000000000000 000024 (v02 VBOX  )
[    0.000000] ACPI: XSDT 0x000000003FFF0030 00003C (v01 VBOX   VBOXXSDT 00000001 ASL  00000061)
[    0.000000] ACPI: FACP 0x000000003FFF00F0 0000F4 (v04 VBOX   VBOXFACP 00000001 ASL  00000061)
[    0.000000] ACPI: DSDT 0x000000003FFF0470 0021FF (v02 VBOX   VBOXBIOS 00000002 INTL 20100528)
[    0.000000] ACPI: FACS 0x000000003FFF0200 000040
[    0.000000] ACPI: FACS 0x000000003FFF0200 000040
[    0.000000] ACPI: APIC 0x000000003FFF0240 00005C (v02 VBOX   VBOXAPIC 00000001 ASL  00000061)
[    0.000000] ACPI: SSDT 0x000000003FFF02A0 0001CC (v01 VBOX   VBOXCPUT 000002 INTL 20100528)
[    0.000000]  NUMA configuration found
[    0.000000] Faking a node at [mem 0x0000000000000000-0x000000003ffeffff]
[    0.000000] NODE_DATA(0) allocated [mem 0x3ffeb000-0x3ffeffff]
[    0.000000] kvm-clock: Using msrs 4b564d01 and 4b564d00
[    0.000000] kvm-clock: cpu 0, msr 0:3ffe3001, primary cpu clock
[    0.000000] kvm-clock: using sched ffset of 3869837763 cycles
[    0.000000] clocksourc: kvm-clock: mask: 0xffffffffffffffff max_cycles: 0x1cd42e4dffb, max_idle_ns: 881590591483 ns
[    0.000000] Zone ranges:
[    0.000000]   DMA      [mem 0x0000000000001000-0x0000000000ffffff]
[    0.000000]   DM2   [mem 0x000000010000-0x000000003ffeffff]
[    0.000000]   Normal   empty
[    0.000000]   Device   empty
[    0.000000] Movable zone start for each node
[    0.000000] Early mory node ranges
[    0.000000]   node   0: [mem 0x0000000000001000-0x000000000009efff]
[    0.000000]   node   0: [mem 0x0000000000100000-0x000000003ffeffff]
[    0.000000] Initmem setup node 0 [mem 0x0000000000001000-0x000000003ffeffff]
[    0.000000] ACPI: PM-Timer IO Port: 0x4008
[    0.0000000] IOAPIC[0]: apic_id 2, version 32, address 0xfec00000, GSI 0-23
[    0.000000] ACPI: INT_SRC_OVR (bus 0 bus_irq 0 global_irq 2 dfl dfl)
[    0.000000] ACPI: INT_SRC_OVR (bus 0 bus_irq 9 global_irq 9 low level)
[   0.000000] Using ACPI (MADT) for SMP configuration information
[    0.000000] smpboot: Allowing 2 CPUs, 0 hotplug CPUs
[    0.000000] PM: Registered nosave memory: [mem 0x00000000-0x00000fff]
[  0.000000] PM: Registered nosave memory: [mem 0x0009f000-0x0009ffff]
[    0.000000] PM: Registered nosave memory: [mem 0x000a0000-0x000effff]
[    0.000000] PM: Registered nosave memory: [mem 0x000f0000-0x000fffff]
[    0.000000] e820: [mem 0x40000000-0xfebfffff] available for PCI devices
[    0.000000] Booting paravirtualized kernel on KVM
[    0.000000] clocksource: refined-jiffies: mask: 0xffffffff max_cycles: 0xffffffff, max_idle_ns: 7645519600211568 ns
[    0.000000] setup_percpu: NR_CPUS:512 nr_cpumask_bits:512 nr_cpu_ids:2 nr_node_ids:1
[    0.000000] PERCPU: Embedded 33 pages/cpu @ffff88003fc00000 s95448 r8192 d31528 u1048576
[    0.000000] Built 1 zonelists in Node order, mobility grouping on.  Total pages: 257912
[    0.000000] Policy zone: DMA32
[    0.000000] Kernel command ine: BOOT_IMAGE=/boot/vmlinuz-4.4.0-170-generic root=LABEL=cloudimg-rootfs ro console=tty1 console=ttyS0
[    0.000000] PID hash table entries: 4096 (order: 3, 32768 bytes)
[    0.000000] Memory: 997728K/1048120K available (8626K kernel code, 1336K rwdata, 4036K rodata, 1488 init, 1288K bss, 50392K reserved, 0K cma-reserved)
[    0.0000000] SLUB: HWalign=64, Order=0-3, MinObjects=0, CPUs=2, Nodes=1
[    0.000000] Kernel/User page tables isolation: enabled
[    0.000000] Hierarchical RCU implementation.
[    0.000000] 	Build-time adjustment of leaf fanout to 64.
[    0.000000] 	RCU restricting CPUs from NR_CPUS=512 to nr_cpu_ids=2.
[    0.000000] RCU: Adjusting geometry for rcu_fanout_leaf=64, nr_cpu_ids=2
[    0.000000] NR_IRQS:33024 nr_irqs:440 16
[    0.000000] Console: colour VGA+ 80x25
[    0.000000] console [tty1] enabled
[    0.000000] console [ttyS0] enabled
[    0.000000] tsc: Detected 2711.998 MHz processor
[    1.262161] Calibrating delay loop (skipped) preset value.. 5423.99 BogoMIPS (lpj=10847992)
[    1.264837] pid_ma default: 32768 minimum: 301
[    1.306693] ACPI: Core revision 20150930
[    1.310167] ACPI: 2 ACPI AML tables successfully acquired and loaded
[    1.312131] Security Framework initialized
[    1.313409] Yama: becoming mindful.
[    1.314544] AppArmor: AppArmor initialized
[    1.315791] Dentry cache hash table entries: 131072 (order: 8, 1048576 bytes)
[    1.320823] Inode-cache hash table entries: 65536 (order: 7, 524288 bytes)
[    1.329229] Mount-cache hash table entries: 2048 (order: 2, 16384 bytes)
[    1.344369] Mountpoint-cache hash table entries: 2048 (order: 2, 16384 bytes)
[    1.352892] Initializing cgroup subsys io
[    1.354120] Initializing cgroup subsys memory
[    1.355320] Initializing cgroup subsys devices
[    1.371173] Initializing cgroup subsys freezer
[    1.387896] Initializing cgroup subsys net_cls
[    1.389671] Initializing cgroup subsys perf_event
[    1.391283] Initializing cgroup subsys net_prio
[    1.399904] Initializing cgroup subsys hugetlb
[    1.401196] Initializing cgroup subsys pids
[    1.404010] mce: CPU supports 0 MCE banks
[    1.405743] Last level iTLB entries: 4KB 64, 2MB 8, 4MB 8
[    1.410361] Last level dTLB entries: 4KB 64, 2MB 0, 4MB 0, 1GB 4
[    1.411912] Spectre V1 : Mitigation: usercopy/swapgs barriers and __user pointer sanitization
[    1.414384] Spectre V2 : Mitigation: Full generic retpoline
[    1.415893] Spectre V2 : Spectre v2 / SpectreRSB mitigation: Filling RSB on context switch
[    1.431856] Speculative Store Bypass: Vulnerable
[    1.448006] MDS: Vulnerable: Clear CPU buffers attempted, no microcode
[    1.467025] Freeing SMP alternatives memory: 36K
[    1.474780] ftrace: allocating 32302 entries in 127 pages
[    1.542784] smpboot: APIC(0) Converting physical 0 to logical package 0
[    1.551406] smpboot: Max logical packages: 1
[    1.580873] x2apic enabled
[    1.596733] Switched APIC routing to physical x2apic.
[    1.613691] ..TIMER: vector=0x30 apic1=0 pin1=2 apic2=-1 pin2=-1
[    1.743217] smpboot: CPU0: Intel(R) Core(TM) i5-7200U CPU @ 2.50GHz (family: 0x6, model: 0x8e, stepping: 0x9)
[    1.746236] Performance Events: unsupported p6 CPU model 142 no PMU driver, software events only.
[    1.785747] KVM setup paravirtual spinlock
[    1.802728] x86: Booting SMP configuration:
[    1.811035] .... node  #0, CPUs:      #1
[    1.812564] kvm-clock: cpu 1, msr 0:3ffe3041, secondary cpu clock
[    1.828223] mce: CPU supports 0 MCE banks
[    1.838712] x86: Booted up 1 node, 2 CPUs
[    1.840163] smpboot: Total of 2 processors activated (10847.99 BogoMIPS)
[    1.842443] devtmpfs: initialized
[    1.845271] evm: security.selinux
[    1.854265] evm: security.SMACK64
[    1.862160] evm: security.SMACK64EXEC
[    1.870104] evm: security.SMACK64TRANSMUTE
[    1.871383] evm: security.SMACK64MMAP
[    1.875779] evm: security.ima
[    1.883583] evm: security.capability
[    1.891844] clocksource: jiffies: mask: 0xffffffff max_cycles: 0xffffffff, max_idle_ns: 7645041785100000 ns
[    1.894838] futex hash table entries: 512 (order: 3, 32768 bytes)
[    1.902604] pinctrl core: initialized pinctrl subsystem
[    1.904716] RTC time: 12:02:29, date: 01/21/20
[    1.907678] NET: Registered protocol family 16
[    1.920621] cpuidle: using governor ladder
[    1.932683] cpuidle: using governor menu
[    1.934188] PCCT header not found.
[    1.937134] ACPI: bus type PCI registered
[    1.938944] acpiphp: ACPI Hot Plug PCI Controller Driver version: 0.5
[    1.941444] PCI: Using configuration type 1 for base access
[    1.961250] ACPI: Added _OSI(Module Device)
[    1.962469] ACPI: Added _OSI(Processor Device)
[    1.972529] ACPI: Added _OSI(3.0 _SCP Extensions)
[    1.974438] ACPI: Added _OSI(Processor Aggregator Device)
[    1.986374] ACPI: Executed 1 blocks of module-level executable AML code
[    1.997581] ACPI: Interpreter enabled
[    1.999221] ACPI: (supports S0 S5)
[    2.000756] ACPI: Using IOAPIC for interrupt routing
[    2.004115] PCI: Using host bridge windows from ACPI; if necessary, use "pci=nocrs" and report a bug
[    2.014739] ACPI: PCI Root Bridge [PCI0] (domain 0000 [bus 00-ff])
[    2.017358] acpi PNP0A03:00: _OSC: OS supports [ASPM ClockPM Segments MSI]
[    2.027994] acpi PNP0A03:00: _OSC: not requesting OS control; OS requires [ExtendedConfig ASPM ClockPM MSI]
[    2.034187] acpi PNP0A03:00: fail to add MMCONFIG information, can't access extended PCI configuration space under this bridge.
[    2.051881] PCI host bridge to bus 0000:00
[    2.053906] pci_bus 0000:00: root bus resource [io  0x0000-0x0cf7 window]
[    2.057616] pci_bus 0000:00: root bus resource [io  0x0d00-0xffff window]
[    2.061591] pci_bus 0000:00: root bus resource [mem 0x000a0000-0x000bffff window]
[    2.078418] pci_bus 0000:00: root bus resource [mem 0x40000000-0xfdffffff window]
[    2.092699] pci_bus 0000:00: root bus resource [bus 00-ff]
[    2.102578] pci 0000:00:01.1: legacy IDE quirk: reg 0x10: [io  0x01f0-0x01f7]
[    2.106916] pci 0000:00:01.1: legacy IDE quirk: reg 0x14: [io  0x03f6]
[    2.113555] pci 0000:00:01.1: legacy IDE quirk: reg 0x18: [io  0x0170-0x0177]
[    2.117311] pci 0000:00:01.1: legacy IDE quirk: reg 0x1c: [io  0x0376]
[    2.191010] pci 0000:00:07.0: quirk: [io  0x4000-0x403f] claimed by PIIX4 ACPI
[    2.194243] pci 0000:00:07.0: quirk: [io  0x4100-0x410f] claimed by PIIX4 SMB
[    2.216916] ACPI: PCI Interrupt Link [LNKA] (IRQs 5 9 10 *11)
[    2.220697] ACPI: PCI Interrupt Link [LNKB] (IRQs 5 9 *10 11)
[    2.224760] ACPI: PCI Interrupt Link [LNKC] (IRQs 5 *9 10 11)
[    2.227939] ACPI: PCI Interrupt Link [LNKD] (IRQs 5 9 10 *11)
[    2.237254] ACPI: Enabled 2 GPEs in block 00 to 07
[    2.239961] vgaarb: setting as boot device: PCI:0000:00:02.0
[    2.248620] vgaarb: device added: PCI:0000:00:02.0,decodes=io+mem,owns=io+mem,locks=none
[    2.251898] vgaarb: loaded
[    2.253138] vgaarb: bridge control possible 0000:00:02.0
[    2.255737] SCSI subsystem initialized
[    2.257456] ACPI: bus type USB registered
[    2.266275] usbcore: registered new interface driver usbfs
[    2.268547] usbcore: registered new interface driver hub
[    2.270425] usbcore: registered new device driver usb
[    2.273132] PCI: Using ACPI for IRQ routing
[    2.275858] NetLabel: Initializing
[    2.277549] NetLabel:  domain hash size = 128
[    2.279803] NetLabel:  protocols = UNLABELED CIPSOv4
[    2.285804] NetLabel:  unlabeled traffic allowed by default
[    2.288386] amd_nb: Cannot enumerate AMD northbridges
[    2.292946] clocksource: Switched to clocksource kvm-clock
[    2.312641] AppArmor: AppArmor Filesystem Enabled
[    2.314883] pnp: PnP ACPI init
[    2.3181] pnp: PnP ACPI: found 3 devices

[    2.397331] clocksource: acpi_pm: mask: 0xffffff max_cycles: 0xffffff, max_idle_ns: 2085701024 ns
[    2.401162] NE Registered protocol family 2

[    2.457768] TCP established hash table entries: 8192 (order: 4, 65536 bytes)
[    2.459503] TCP bind hash table entries: 8192 (order: 5, 131072 bytes)
[    2.461117] TCP: Hash tables configured (established 8192 bind 8192)
[    2.462751] UDP hash table entries: 512 (order: 2, 16384 bytes)
[    2.464256] UDP-Lite hash table entries: 512 (order: 2, 16384 bytes)
[    2.465920] NET: Registered protocol family 1
[    2.467177] pci 0000:00:00.0: Limiting direct PCI/PCI transfers
[    2.468737] pci 0000:00:01.0: Activating ISA DMA hang workarounds
[    2.470487] Unpacking initramfs...
[    2.757021] Freeing initrd memory: 14828K
[    2.758524] clocksource: tsc: mask: 0xffffffffffffffff max_cycles: 0x27178451938, max_idle_ns: 440795251172 ns
[    2.761679] platform rtc_cmos: registered platform RTC device (no PNP device found)
[    2.764268] Scanning for low memory corruption every 60 seconds
[    2.766497] audit: initializing netlink subsys (disabled)
[    2.776515] audit: type=2000 audit(1579608154.068:1): initialized
[    2.785831] Initialise system trusted keyring
[    2.814301] HugeTLB registered 2 MB page size, pre-allocated 0 pages
[    2.824715] zbud: loaded
[    2.826347] VFS: Disk quotas dquot_6.6.0
[    2.830213] VFS: Dquot-cache hash table entries: 512 (order 0, 4096 bytes)
[    2.832888] squashfs: version 4.0 (2009/01/31) Phillip Lougher
[    2.843641] fuse init (API version 7.23)
[    2.845447] Key type big_key registered
[    2.852751] Allocating IMA MOK and blacklist keyrings.
[    2.859469] Key type asymmetric registered
[    2.862434] Asymmetric key parser 'x509' registered
[    2.870387] Block layer SCSI generic (bsg) driver version 0.4 loaded (major 249)
[    2.873666] io scheduler noop registered
[    2.875180] io scheduler deadline registered (default)
[    2.877296] io scheduler cfq registered
[    2.879155] pci_hotplug: PCI Hot Plug PCI Core version: 0.5
[    2.881026] pciehp: PCI Express Hot Plug Controller Driver version: 0.4
[    2.883554] ACPI: AC Adapter [AC] (on-line)
[    2.885462] input: Power Button as /devices/LNXSYSTM:00/LNXPWRBN:00/input/input0
[    2.888049] ACPI: Power Button [PWRF]
[    2.889621] input: Sleep Button as /devices/LNXSYSTM:00/LNXSLPBN:00/input/input1
[    2.892446] ACPI: Sleep Button [SLPF]
[    2.894926] ACPI: Battery Slot [BAT0] (battery present)
[    2.896549] GHES: HEST is not enabled!
[    2.897966] Serial: 8250/16550 driver, 32 ports, IRQ sharing enabled
[    2.923047] 00:02: ttyS0 at I/O 0x3f8 (irq = 4, base_baud = 115200) is a 16550A
[    2.926776] Linux agpgart interface v0.103
[    2.930080] loop: module loaded
[    2.931889] scsi host0: ata_piix
[    2.933202] scsi host1: ata_piix
[    2.934423] ata1: PATA max UDMA/33 cmd 0x1f0 ctl 0x3f6 bmdma 0xd000 irq 14
[    2.936801] ata2: PATA max UDMA/33 cmd 0x170 ctl 0x376 bmdma 0xd008 irq 15
[    2.941612] libphy: Fixed MDIO Bus: probed
[    2.943145] tun: Universal TUN/TAP device driver, 1.6
[    2.944825] tun: (C) 1999-2004 Max Krasnyansky <maxk@qualcomm.com>
[    2.946914] PPP generic driver version 2.4.2
[    2.948389] ehci_hcd: USB 2.0 'Enhanced' Host Controller (EHCI) Driver
[    2.950533] ehci-pci: EHCI PCI platform driver
[    2.962050] ehci-platform: EHCI generic platform driver
[    2.963652] ohci_hcd: USB 1.1 'Open' Host Controller (OHCI) Driver
[    2.965524] ohci-pci: OHCI PCI platform driver
[    2.967221] ohci-platform: OHCI generic platform driver
[    2.975127] uhci_hcd: USB Universal Host Controller Interface driver
[    2.977431] i8042: PNP: PS/2 Controller [PNP0303:PS2K,PNP0f03:PS2M] at 0x60,0x64 irq 1,12
[    2.980664] serio: i8042 KBD port at 0x60,0x64 irq 1
[    2.982222] serio: i8042 AUX port at 0x60,0x64 irq 12
[    2.984081] mousedev: PS/2 mouse device common for all mice
[    2.986548] rtc_cmos rtc_cmos: rtc core: registered rtc_cmos as rtc0
[    2.988568] input: AT Translated Set 2 keyboard as /devices/platform/i8042/serio0/input/input2
[    2.998923] rtc_cmos rtc_cmos: alarms up to one day, 114 bytes nvram
[    3.001362] i2c /dev entries driver
[    3.008635] device-mapper: uevent: version 1.0.3
[    3.010750] device-mapper: ioctl: 4.34.0-ioctl (2015-10-28) initialised: dm-devel@redhat.com
[    3.014055] ledtrig-cpu: registered to indicate activity on CPUs
[    3.019694] NET: Registered protocol family 10
[    3.021856] NET: Registered protocol family 17
[    3.023728] Key type dns_resolver registered
[    3.026197] registered taskstats version 1
[    3.041490] Loading compiled-in X.509 certificates
[    3.043525] Loaded X.509 cert 'Build time autogenerated kernel key: f0e56e97f406068ace47a9bf54316e9855aaaa43'
[    3.046751] zswap: loaded using pool lzo/zbud
[    3.056030] Key type trusted registered
[    3.060700] Key type encrypted registered
[    3.062007] AppArmor: AppArmor sha1 policy hashing enabled
[    3.063654] ima: No TPM chip found, activating TPM-bypass!
[    3.065174] ima: Allocated hash algorithm: sha1
[    3.066827] evm: HMAC attrs: 0x1
[    3.074734]   Magic number: 4:779:26
[    3.076157] rtc_cmos rtc_cmos: setting system clock to 2020-01-21 12:02:30 UTC (1579608150)
[    3.079039] BIOS EDD facility v0.16 2004-Jun-25, 0 devices found
[    3.080716] EDD information not available.
[    3.107210] Freeing unused kernel memory: 1488K
[    3.154616] Write protecting the kernel read-only data: 14336k
[    4.592516] Freeing unused kernel memory: 1604K
[    4.594762] Freeing unused kernel memory: 60K
Loading, please wait...
starting version 229
[    4.612725] random: systemd-udevd: uninitialized urandom read (16 bytes read, 5 bits of entropy available)
[    4.612913] random: udevadm: uninitialized urandom read (16 bytes read, 5 bits of entropy available)
[    4.612935] random: udevadm: uninitialized urandom read (16 bytes read, 5 bits of entropy available)
[    4.622307] random: udevadm: uninitialized urandom read (16 bytes read, 5 bits of entropy available)
[    4.622351] random: udevadm: uninitialized urandom read (16 bytes read, 5 bits of entropy available)
[    4.622495] random: udevadm: uninitialized urandom read (16 bytes read, 5 bits of entropy available)
[    4.622547] random: udevadm: uninitialized urandom read (16 bytes read, 5 bits of entropy available)
[    4.622599] random: udevadm: uninitialized urandom read (16 bytes read, 5 bits of entropy available)
[    4.622652] random: udevadm: uninitialized urandom read (16 bytes read, 5 bits of entropy available)
[    4.622708] random: udevadm: uninitialized urandom read (16 bytes read, 5 bits of entropy available)
[    4.735938] e1000: Intel(R) PRO/1000 Network Driver - version 7.3.21-k8-NAPI
[    4.745227] e1000: Copyright (c) 1999-2006 Intel Corporation.
[    4.779404] AVX2 version of gcm_enc/dec engaged.
[    4.781464] AES CTR mode by8 optimization enabled
[    4.792933] Fusion MPT base driver 3.04.20
[    4.795361] Copyright (c) 1999-2008 LSI Corporation
[    4.831304] Fusion MPT SPI Host driver 3.04.20
[    4.989159] input: ImExPS/2 Generic Explorer Mouse as /devices/platform/i8042/serio1/input/input4
[    5.142683] e1000 0000:00:03.0 eth0: (PCI:33MHz:32-bit) 02:dd:45:a7:5d:a0
[    5.206042] e1000 0000:00:03.0 eth0: Intel(R) PRO/1000 Network Connection
[    5.350327] e1000 0000:00:03.0 enp0s3: renamed from eth0
[    5.375452] mptbase: ioc0: Initiating bringup
[    5.466095] ioc0: LSI53C1030 A0: Capabilities={Initiator}
[    5.650350] scsi host2: ioc0: LSI53C1030 A0, FwRev=00000000h, Ports=1, MaxQ=256, IRQ=20
[    5.791512] scsi 2:0:0:0: Direct-Access     VBOX     HARDDISK         1.0  PQ: 0 ANSI: 5
[    5.807357] scsi target2:0:0: Beginning Domain Validation
[    5.832179] scsi target2:0:0: Domain Validation skipping write tests
[    5.837962] scsi target2:0:0: Ending Domain Validation
[    5.845942] scsi target2:0:0: asynchronous
[    5.848751] scsi 2:0:1:0: Direct-Access     VBOX     HARDDISK         1.0  PQ: 0 ANSI: 5
[    5.866348] scsi target2:0:1: Beginning Domain Validation
[    5.878025] scsi target2:0:1: Domain Validation skipping write tests
[    5.880758] scsi target2:0:1: Ending Domain Validation
[    5.882911] scsi target2:0:1: asynchronous
[    5.912331] sd 2:0:0:0: Attached scsi generic sg0 type 0
[    5.912792] sd 2:0:0:0: [sda] 20971520 512-byte logical blocks: (10.7 GB/10.0 GiB)
[    5.913319] sd 2:0:0:0: [sda] Write Protect is off
[    5.913451] sd 2:0:0:0: [sda] Incomplete mode parameter data
[    5.913453] sd 2:0:0:0: [sda] Assuming drive cache: write through
[    5.920421]  sda: sda1
[    5.921617] sd 2:0:0:0: [sda] Attached SCSI disk
[    5.959047] sd 2:0:1:0: Attached scsi generic sg1 type 0
[    5.959290] sd 2:0:1:0: [sdb] 20480 512-byte logical blocks: (10.5 MB/10.0 MiB)
[    5.959582] sd 2:0:1:0: [sdb] Write Protect is off
[    5.959700] sd 2:0:1:0: [sdb] Incomplete mode parameter data
[    5.959701] sd 2:0:1:0: [sdb] Assuming drive cache: write through
[    5.962368] sd 2:0:1:0: [sdb] Attached SCSI disk
Begin: Loading essential drivers[    7.546450] md: linear personality registered for level -1
 ... [    7.558228] md: multipath personality registered for level -4
[    7.562815] md: raid0 personality registered for level 0
[    7.568714] md: raid1 personality registered for level 1
[    7.641241] raid6: sse2x1   gen()  9925 MB/s
[    7.709164] raid6: sse2x1   xor()  5533 MB/s
[    7.777038] raid6: sse2x2   gen() 11189 MB/s
[    7.845078] raid6: sse2x2   xor()  7767 MB/s
[    7.937309] raid6: sse2x4   gen() 12514 MB/s
[    8.017046] raid6: sse2x4   xor()  8400 MB/s
[    8.105352] raid6: avx2x1   gen() 19397 MB/s
[    8.193152] raid6: avx2x2   gen() 23181 MB/s
[    8.289401] raid6: avx2x4   gen() 19516 MB/s
[    8.291447] raid6: using algorithm avx2x2 gen() 23181 MB/s
[    8.293386] raid6: using avx2x2 recovery algorithm
[    8.297333] xor: automatically using best checksumming function:
[    8.337568]    avx       : 25063.000 MB/sec
[    8.341287] async_tx: api initialized (async)
[    8.354564] md: raid6 personality registered for level 6
[    8.356805] md: raid5 personality registered for level 5
[    8.358740] md: raid4 personality registered for level 4
[    8.372933] md: raid10 personality registered for level 10
done.
Begin: Running /scripts/init-premount ... done.
Begin: Mounting root file system ... Begin: Running /scripts/local-top ... done.
Begin: Running /scripts/local-premount ... [    8.418948] Btrfs loaded
Scanning for Btrfs filesystems
done.
Warning: fsck not present, so skipping root file system
[    8.477497] EXT4-fs (sda1): mounted filesystem with ordered data mode. Opts: (null)
done.
Begin: Running /scripts/local-bottom ... done.
Begin: Running /scripts/init-bottom ... done.
[    8.664494] systemd[1]: systemd 229 running in system mode. (+PAM +AUDIT +SELINUX +IMA +APPARMOR +SMACK +SYSVINIT +UTMP +LIBCRYPTSETUP +GCRYPT +GNUTLS +ACL +XZ -LZ4 +SECCOMP +BLKID +ELFUTILS +KMOD -IDN)
[    8.752684] systemd[1]: Detected virtualization oracle.
[    8.755143] systemd[1]: Detected architecture x86-64.

Welcome to [1mUbuntu 16.04.6 LTS[0m!

[    8.775657] systemd[1]: Set hostname to <ubuntu>.
[    8.780276] systemd[1]: Initializing machine ID from random generator.
[    8.782542] systemd[1]: Installed transient /etc/machine-id file.
[    8.948715] systemd[1]: Listening on /dev/initctl Compatibility Named Pipe.
[[0;32m  OK  [0m] Listening on /dev/initctl Compatibility Named Pipe.
[    8.965925] systemd[1]: Listening on Device-mapper event daemon FIFOs.
[[0;32m  OK  [0m] Listening on Device-mapper event daemon FIFOs.
[    9.009154] systemd[1]: Set up automount Arbitrary Executable File Formats File System Automount Point.
[[0;32m  OK  [0m] Set up automount Arbitrary Executab...ats File System Automount Point.
[    9.016715] systemd[1]: Started Forward Password Requests to Wall Directory Watch.
[[0;32m  OK  [0m] Started Forward Password Requests to Wall Directory Watch.
[    9.043092] systemd[1]: Listening on Journal Socket.
[[0;32m  OK  [0m] Listening on Journal Socket.
[    9.047934] systemd[1]: Listening on LVM2 metadata daemon socket.
[[0;32m  OK  [0m] Listening on LVM2 metadata daemon socket.
[    9.060379] systemd[1]: Reached target Encrypted Volumes.
[[0;32m  OK  [0m] Reached target Encrypted Volumes.
[    9.069628] systemd[1]: Listening on Syslog Socket.
[[0;32m  OK  [0m] Listening on Syslog Socket.
[    9.104566] systemd[1]: Reached target System Time Synchronized.
[[0;32m  OK  [0m] Reached target System Time Synchronized.
[    9.138671] systemd[1]: Reached target Swap.
[[0;32m  OK  [0m] Reached target Swap.
[    9.165653] systemd[1]: Listening on udev Control Socket.
[[0;32m  OK  [0m] Listening on udev Control Socket.
[    9.189500] systemd[1]: Listening on LVM2 poll daemon socket.
[[0;32m  OK  [0m] Listening on LVM2 poll daemon socket.
[    9.213414] systemd[1]: Reached target User and Group Name Lookups.
[[0;32m  OK  [0m] Reached target User and Group Name Lookups.
[    9.316872] systemd[1]: Created slice System Slice.
[[0;32m  OK  [0m] Created slice System Slice.
[    9.390044] systemd[1]: Mounting Huge Pages File System...
         Mounting Huge Pages File System...
[    9.409451] systemd[1]: Mounting Debug File System...
         Mounting Debug File System...
[    9.424344] systemd[1]: Mounting POSIX Message Queue File System...
         Mounting POSIX Message Queue File System...
[    9.469153] systemd[1]: Starting Create list of required static device nodes for the current kernel...
         Starting Create list of required st... nodes for the current kernel...
[    9.497671] systemd[1]: Created slice system-serial\x2dgetty.slice.
[[0;32m  OK  [0m] Created slice system-serial\x2dgetty.slice.
[    9.521684] systemd[1]: Starting Uncomplicated firewall...
         Starting Uncomplicated firewall...
[    9.527011] systemd[1]: Starting Nameserver information manager...
         Starting Nameserver information manager...
[    9.542390] systemd[1]: Starting Set console keymap...
         Starting Set console keymap...
[    9.547827] systemd[1]: Starting Remount Root and Kernel File Systems...
[    9.552986] EXT4-fs (sda1): re-mounted. Opts: (null)
         Starting Remount Root and Kernel File Systems...
[    9.605723] systemd[1]: Listening on Journal Audit Socket.
[[0;32m  OK  [0m] Listening on Journal Audit Socket.
[    9.642786] systemd[1]: Listening on Journal Socket (/dev/log).
[[0;32m  OK  [0m] Listening on Journal Socket (/dev/log).
[    9.665209] systemd[1]: Starting Journal Service...
         Startin[    9.679920] random: nonblocking pool is initialized
g Journal Service...
[    9.752114] systemd[1]: Started Trigger resolvconf update for networkd DNS.
[[0;32m  OK  [0m] Started Trigger resolvconf update for networkd DNS.
[    9.793879] systemd[1]: Starting Load Kernel Modules...
[    9.807739] Loading iSCSI transport class v2.0-870.
         Starting Load Kernel Mo[    9.818245] iscsi: registered transport (tcp)
dules...
[    9.885406] systemd[1]: Listening on udev Kernel Socket.
[[0;32m  OK  [0m] Listening on udev Kernel Socket.
[    9.897359] systemd[1]: Created slice User and Session Slice.
[[0;32m  OK  [0m] Created slice User and Session Slice.
[    9.908791] systemd[1]: Reached target Slices.
[    9.917515] iscsi: registered transport (iser)
[[0;32m  OK  [0m] Reached target Slices.
[    9.961639] systemd[1]: Starting Monitoring of LVM2 mirrors, snapshots etc. using dmeventd or progress polling...
         Starting Monitoring of LVM2 mirrors... dmeventd or progress polling...
[   10.022705] systemd[1]: Mounted POSIX Message Queue File System.
[[0;32m  OK  [0m] Mounted POSIX Message Queue File System.
[   10.073620] systemd[1]: Mounted Debug File System.
[[0;32m  OK  [0m] Mounted Debug File System.
[   10.133178] systemd[1]: Mounted Huge Pages File System.
[[0;32m  OK  [0m] Mounted Huge Pages File System.
[   10.265391] systemd[1]: Started Journal Service.
[[0;32m  OK  [0m] Started Journal Service.
[[0;32m  OK  [0m] Started Create list of required sta...ce nodes for the current kernel.
[[0;32m  OK  [0m] Started Uncomplicated firewall.
[[0;32m  OK  [0m] Started Set console keymap.
[[0;32m  OK  [0m] Started Remount Root and Kernel File Systems.
[[0;32m  OK  [0m] Started Load Kernel Modules.
[[0;32m  OK  [0m] Started Nameserver information manager.
[[0;32m  OK  [0m] Started LVM2 metadata daemon.
         Starting Apply Kernel Variables...
         Mounting FUSE Control File System...
         Starting Load/Save Random Seed...
         Starting udev Coldplug all Devices...
         Starting Create Static Device Nodes in /dev...
         Starting Flush Journal to Persistent Storage...
[[0;32m  OK  [0m] Mounted FUSE Control File System.
[[0;32m  OK  [0m] Started Apply Kernel Variables.
[[0;32m  OK  [0m] Started Load/Save Random Seed.
[[0;32m  OK  [0m] Started Create Static Device Nodes in /dev.
         Starting udev Kernel Device Manager...
[[0;32m  OK  [0m] Started Flush Journal to Persistent Storage.
[[0;32m  OK  [0m] Started udev Coldplug all Devices.
[[0;32m  OK  [0m] Started udev Kernel Device Manager.
[[0;32m  OK  [0m] Started Dispatch Password Requests to Console Directory Watch.
[[0;32m  OK  [0m] Started Monitoring of LVM2 mirrors,...ng dmeventd or progress polling.
[[0;32m  OK  [0m] Found device /dev/ttyS0.
[[0;32m  OK  [0m] Reached target Local File Systems (Pre).
[[0;32m  OK  [0m] Reached target Local File Systems.
         Starting LSB: AppArmor initialization...
         Starting Set console font and keymap...
         Starting Create Volatile Files and Directories...
         Starting Commit a transient machine-id on disk...
         Starting Initial cloud-init job (pre-networking)...
         Starting Tell Plymouth To Write Out Runtime Data...
[[0;32m  OK  [0m] Started Create Volatile Files and Directories.
[[0;32m  OK  [0m] Started Commit a transient machine-id on disk.
[[0;32m  OK  [0m] Started Tell Plymouth To Write Out Runtime Data.
[[0;32m  OK  [0m] Listening on Load/Save RF Kill Switch Status /dev/rfkill Watch.
         Starting Update UTMP about System Boot/Shutdown...
[[0;32m  OK  [0m] Started Update UTMP about System Boot/Shutdown.
[   11.592387] cloud-init[555]: Cloud-init v. 19.2-36-g059d049c-0ubuntu2~16.04.1 running 'init-local' at Tue, 21 Jan 2020 12:02:39 +0000. Up 10.71 seconds.
[[0;32m  OK  [0m] Started Initial cloud-init job (pre-networking).
[[0;32m  OK  [0m] Reached target Network (Pre).
[[0;32m  OK  [0m] Started Set console font and keymap.
[[0;32m  OK  [0m] Created slice system-getty.slice.
[[0;32m  OK  [0m] Started LSB: AppArmor initialization.
         Starting Raise network interfaces...
[[0;32m  OK  [0m] Started Raise network interfaces.
         Starting Initial cloud-init job (metadata service crawler)...
[[0;32m  OK  [0m] Reached target Network.
[   13.994342] cloud-init[953]: Cloud-init v. 19.2-36-g059d049c-0ubuntu2~16.04.1 running 'init' at Tue, 21 Jan 2020 12:02:42 +0000. Up 13.33 seconds.
[   13.998689] cloud-init[953]: ci-info: ++++++++++++++++++++++++++++++++++++++Net device info++++++++++++++++++++++++++++++++++++++
[   14.002661] cloud-init[953]: ci-info: +--------+------+----------------------------+---------------+--------+-------------------+
[   14.028680] cloud-init[953]: ci-info: | Device |  Up  |          Address           |      Mask     | Scope  |     Hw-Address    |
[   14.040734] cloud-init[953]: ci-info: +--------+------+----------------------------+---------------+--------+-------------------+
[   14.044524] cloud-init[953]: ci-info: | enp0s3 | True |         10.0.2.15          | 255.255.255.0 | global | 02:dd:45:a7:5d:a0 |
[   14.048380] cloud-init[953]: ci-info: | enp0s3 | True | fe80::dd:45ff:fea7:5da0/64 |       .       |  link  | 02:dd:45:a7:5d:a0 |
[[0;32m  OK  [0m] Started Initial cloud-init job (metadata service crawler).
[   14.146966] cloud-init[953]: ci-info: |   lo   | True |         127.0.0.1          |   255.0.0.0   |  host  |         .         |
[   14.189847] cloud-init[953]: ci-info: |   lo   | True |          ::1/128           |       .       |  host  |         .         |
[   14.190257] cloud-init[953]: ci-info: +--------+------+----------------------------+---------------+--------+-------------------+
[   14.193384] cloud-init[953]: ci-info: +++++++++++++++++++++++++++Route IPv4 info++++++++++++++++++++++++++++
[   14.193656] cloud-init[953]: ci-info: +-------+-------------+----------+---------------+-----------+-------+
[   14.193847] cloud-init[953]: ci-info: | Route | Destination | Gateway  |    Genmask    | Interface | Flags |
[   14.194159] cloud-init[953]: ci-info: +-------+-------------+----------+---------------+-----------+-------+
[   14.194396] cloud-init[953]: ci-info: |   0   |   0.0.0.0   | 10.0.2.2 |    0.0.0.0    |   enp0s3  |   UG  |
[   14.194615] cloud-init[953]: ci-info: |   1   |   10.0.2.0  | 0.0.0.0  | 255.255.255.0 |   enp0s3  |   U   |
[   14.194971] cloud-init[953]: ci-info: +-------+-------------+----------+---------------+-----------+-------+
[[0;32m  OK  [0m] Reached target Cloud-config availability.
[[0;32m  OK  [0m] Reached target Network is Online.
[   14.195247] cloud-init[953]: ci-info: +++++++++++++++++++Route IPv6 info+++++++++++++++++++
         Starting iSCSI initiator daemon (iscsid)...
[[0;32m  OK  [0m] Reached target System Initialization.
[   14.860145] cloud-init[953]: ci-info: +-------+-------------+---------+-----------+-------+
[   14.902864] cloud-init[953]: ci-info: | Route | Destination | Gateway | Interface | Flags |
[   14.906487] cloud-init[953]: ci-info: +-------+-------------+---------+-----------+-------+
[   14.933327] cloud-init[953]: ci-info: |   0   |  fe80::/64  |    ::   |   enp0s3  |   U   |
         Starting Socket activation for snappy daemon.
[[0;32m  OK  [0m] Listening on D-Bus System Message Bus Socket.
[   14.940185] cloud-init[953]: ci-info: |   3   |   ff00::/8  |    ::   |   enp0s3  |   U   |
[   14.985585] cloud-init[953]: ci-info: +-------+-------------+---------+-----------+-------+
         Starting LXD - unix socket.
[   15.000168] cloud-init[953]: Generating public/private rsa key pair.
[   15.011114] cloud-init[953]: Your identification has been saved in /etc/ssh/ssh_host_rsa_key.
[   15.020614] cloud-init[953]: Your public key has been saved in /etc/ssh/ssh_host_rsa_key.pub.
[[0;32m  OK  [0m] Started ACPI Events Check.
[   15.032122] [cloud-init[953]: The key fingerprint is:[0;32m  OK  [0m
] Reached target Paths.
[[0;32m  OK  [0m] Started Message of the Day.
[[0;32m  OK  [0m] Started Daily apt download activities.
[[0;32m  OK  [0m] Listening on UUID daemon activation socket.
[   15.034343] cloud-init[953]: SHA256:DNon9ftmp3ueHGZjLpSnsP6As2dL3OVThVGIXjInUiU root@ubuntu-xenial
[[0;32m  OK  [0m] Started Daily Cleanup of Temporary Directories.
[   15.061949] cloud-init[953]: The key's randomart image is:
[[0;32m  OK  [0m] Started Daily apt upgrade and clean activities.
[   15.297867] cloud-init[953]: +---[RSA 2048]----+
[[0;32m  OK  [0m] Listening on ACPID Listen Socket.
[   15.326140] [[0;32m  OK  [0m] Reached target Timers.
cloud-init[953]: |           .Eooo.|
[   15.347798] cloud-init[953]: |          . =.+o |
[   15.358502] [[0;32m  OK  [0m] Listening on Socket activation for snappy daemon.
[[0;32m  OK  [0m] Listening on LXD - unix socket.
[[0;32m  OK  [0m] Reached target Sockets.
[[0;32m  OK  [0m] Reached target Basic System.
[[0;32m  OK  [0m] Started D-Bus System Message Bus.
cloud-init[953]: |      . .  o *. .|
[   15.388980] cloud-init[953]: |     o + .  .   .|
[   15.399841] cloud-init[953]: |    . o S .  .. .|
[   15.402944] cloud-init[953]: |       o o.ooo.. |
[   15.405389] cloud-init[953]: |        o =+.oO  |
[   15.413116] cloud-init[953]: |         ++o=*o= |
[   15.498023] cloud-init[953]: |        .+o==B=  |
[[0;32m  OK  [0m] Started Deferred execution scheduler.
[   15.501528] cloud-init[953]: +----[SHA256]-----+
         Starting /etc/rc.local Compatibility...
[   15.567918] cloud-init[953]: Generating public/private dsa key pair.
[   15.640628]          cloud-initStarting Virtualbox guest utils...[953]: 
Your identification has been saved in /etc/ssh/ssh_host_dsa_key.
[   15.661266]          Starting Accounts Service...
cloud-init[953]: Your public key has been saved in /etc/ssh/ssh_host_dsa_key.pub.
[   15.678680] cloud-init[953]: The key fingerprint is:
[   15.720848] [[0;32m  OK  [0m] Started FUSE filesystem for LXC.
cloud-init[953]: SHA256:t+4ev99hzzXkQ0hdrEGDsnUfo+WHrJuyKF3bXXAjEkc root@ubuntu-xenial
[   15.817074] cloud-init[953]: The key's randomart image is:
         Starting LSB: MD monitoring daemon...
[   15.821306] cloud-init[953]: +---[DSA 1024]----+
         Starting Snappy daemon...
[   15.904477] cloud-init[953]: |            .Eo..|
[   15.908559] cloud-init[953]: |          ..o.+=o|
[   15.908886] cloud-init[953]: |           +o++*o|
[   15.909140] cloud-init[953]: |          ...o*o+|
[   15.911594] cloud-init[953]: |        S . .o.=o|
[   15.975518] cloud-init[953]: |         .... + .|
[   15.979426]          cloud-initStarting System Logging Service...[953]: 
|       . .oo + B.|
[   15.999026]          Starting Login Service...
cloud-init[953]: |      . .ooo+ oo*|
[   16.036659] [cloud-init[0;32m  OK  [0m[953]: ] |       ..o=ooo. +|Started ACPI event daemon.

[   16.037291] cloud-init[953]: +----[SHA256]-----+
[   16.087527] cloud-init[953]: Generating public/private ecdsa key pair.
[[0;32m  OK  [0m] Started Regular background program processing daemon.
[   16.120395] cloud-init[953]: Your identification has been saved in /etc/ssh/ssh_host_ecdsa_key.
         Starting LXD - container startup/shutdown...
[   16.180250] cloud-init[953]: Your public key has been saved in /etc/ssh/ssh_host_ecdsa_key.pub.
[   16.206851] cloud-init[953]: The key fingerprint is:
         Starting Pollinate to seed the pseudo random number generator...
[   16.207939]          Starting LSB: Record successful boot for GRUB...
cloud-init[953]: SHA256:JUdLKI2r90Zriwt9dKZoRGqWS71Vv2ZY+E5W0x+ZN6Y root@ubuntu-xenial[[0;32m  OK  [0m] Started System Logging Service.
[[0;32m  OK  [0m] Started iSCSI initiator daemon (iscsid).

[[0;32m  OK  [0m] Started /etc/rc.local Compatibility.
[   16.229150] cloud-init[953]: The key's randomart image is:
         Starting Authenticate and Authorize Users to Run Privileged Tasks...
[   16.276360] cloud-init[953]: +---[ECDSA 256]---+
[   16.318469] cloud-init[953]: |       o .o      |
[   16.323366] cloud-init[953]: |      o oo .     |
[   16.326211] cloud-init[953]: |      .o. =      |
[   16.328825] cloud-init[953]: |     =.  = o   .o|
[   16.331217]          Starting Login to default iSCSI targets...
[[0;32m  OK  [0m] Started Snappy daemon.
[cloud-init[0;32m  OK  [0m] Started LSB: MD monitoring daemon.
[[0;32m  OK  [0m] Started LSB: Record successful boot for GRUB.
[[0;32m  OK  [0m] Started Login Service.
[953]: |    *.o S + o o*o|
[[0;32m  OK  [0m] Started Authenticate and Authorize Users to Run Privileged Tasks.
[[0;32m  OK  [0m] Started Accounts Service.
[   16.357012] cloud-init[953]: |   +.+.=.+ + oo.=|
[   16.376351] cloud-init[953]: |    o.=oo.. BE  .|
[   16.379464] [[0;32m  OK  [0m] Started Unattended Upgrades Shutdown.
cloud-init[953]: |     o o=  *     |
[   16.417176] cloud-init[953]: |      o+..  .    |
[   16.417655] cloud-init[953]: +----[SHA256]-----+
[   16.417987] cloud-init[953]: Generating public/private ed25519 key pair.
[   16.418322] cloud-init[953]: Your identification has been saved in /etc/ssh/ssh_host_ed25519_key.
[   16.418667] cloud-init[953]: Your public key has been saved in /etc/ssh/ssh_host_ed25519_key.pub.
[   16.419047] cloud-init[953]: The key fingerprint is:
[   16.419389] cloud-init[953]: SHA256:BGMOKS2DPI9WBlIlwm4Lj9x/WCEUb5agASN8uGgAPT0 root@ubuntu-xenial
[   16.420434] cloud-init[953]: The key's randomart image is:
[   16.420826] cloud-init[953]: +--[ED25519 256]--+
[   16.421154] cloud-init[953]: |XB*=o+=          |
[   16.421501] cloud-init[953]: |=BB=E=oo.        |
[   16.421863] cloud-init[953]: |+ O*...=.        |
[   16.422198] cloud-init[953]: |oB . .oo         |
[   16.422549] cloud-init[953]: |*oo   . S        |
[   16.422909] cloud-init[953]: |.o..   .         |
[   16.423241] cloud-init[953]: |    . o          |
[   16.423598] cloud-init[953]: |     o .         |
         Starting Wait until snapd is fully seeded...
[   16.428843] cloud-init[953]: |      .          |
[   16.500543] cloud-init[953]: +----[SHA256]-----+
[[0;32m  OK  [0m] Started Virtualbox guest utils.
[[0;32m  OK  [0m] Started LXD - container startup/shutdown.
[[0;32m  OK  [0m] Started Login to default iSCSI targets.
[[0;32m  OK  [0m] Reached target Remote File Systems (Pre).
[[0;32m  OK  [0m] Reached target Remote File Systems.
         Starting LSB: automatic crash report generation...
         Starting LSB: Set the CPU Frequency Scaling governor to "ondemand"...
         Starting Permit User Sessions...
         Starting LSB: daemon to balance interrupts for SMP systems...
[[0;32m  OK  [0m] Started Permit User Sessions.
         Starting Hold until boot process finishes up...
         Starting Terminate Plymouth Boot Screen...
[[0;32m  OK  [0m] Started LSB: Set the CPU Frequency Scaling governor to "ondemand".
[[0;32m  OK  [0m] Started LSB: daemon to balance interrupts for SMP systems.
[[0;32m  OK  [0m] Started Hold until boot process finishes up.
[[0;32m  OK  [0m] Started Terminate Plymouth Boot Screen.
         Starting Set console scheme...
[[0;32m  OK  [0m] Started Serial Getty on ttyS0.
[[0;32m  OK  [0m] Started Getty on tty1.
[[0;32m  OK  [0m] Reached target Login Prompts.
[[0;32m  OK  [0m] Started LSB: automatic crash report generation.
[[0;32m  OK  [0m] Started Set console scheme.
[[0;32m  OK  [0m] Started Pollinate to seed the pseudo random number generator.
         Starting OpenBSD Secure Shell server...
[[0;32m  OK  [0m] Started Wait until snapd is fully seeded.
         Starting Apply the settings specified in cloud-config...
[[0;32m  OK  [0m] Started OpenBSD Secure Shell server.
[[0;32m  OK  [0m] Reached target Multi-User System.
[[0;32m  OK  [0m] Reached target Graphical Interface.
         Starting Update UTMP about System Runlevel Changes...
[[0;32m  OK  [0m] Started Update UTMP about System Runlevel Changes.
[   17.719797] cloud-init[1312]: Generating locales (this might take a while)...
[[0;32m  OK  [0m] Created slice User Slice of vagrant.
         Starting User Manager for UID 1000...
[[0;32m  OK  [0m] Started Session 1 of user vagrant.
[[0;32m  OK  [0m] Started User Manager for UID 1000.
[   19.148602] cloud-init[1312]:   en_US.UTF-8... done
[   19.155447] cloud-init[1312]: Generation complete.
[   19.685126] cloud-init[1312]: Cloud-init v. 19.2-36-g059d049c-0ubuntu2~16.04.1 running 'modules:config' at Tue, 21 Jan 2020 12:02:46 +0000. Up 17.56 seconds.
[[0;32m  OK  [0m] Started Apply the settings specified in cloud-config.
         Starting Execute cloud user/final scripts...
ci-info: no authorized ssh keys fingerprints found for user ubuntu.
<14>Jan 21 12:02:49 ec2: 
<14>Jan 21 12:02:49 ec2: #############################################################
<14>Jan 21 12:02:49 ec2: -----BEGIN SSH HOST KEY FINGERPRINTS-----
<14>Jan 21 12:02:49 ec2: 1024 SHA256:t+4ev99hzzXkQ0hdrEGDsnUfo+WHrJuyKF3bXXAjEkc root@ubuntu-xenial (DSA)
<14>Jan 21 12:02:49 ec2: 256 SHA256:JUdLKI2r90Zriwt9dKZoRGqWS71Vv2ZY+E5W0x+ZN6Y root@ubuntu-xenial (ECDSA)
<14>Jan 21 12:02:49 ec2: 256 SHA256:BGMOKS2DPI9WBlIlwm4Lj9x/WCEUb5agASN8uGgAPT0 root@ubuntu-xenial (ED25519)
<14>Jan 21 12:02:49 ec2: 2048 SHA256:DNon9ftmp3ueHGZjLpSnsP6As2dL3OVThVGIXjInUiU root@ubuntu-xenial (RSA)
<14>Jan 21 12:02:49 ec2: -----END SSH HOST KEY FINGERPRINTS-----
<14>Jan 21 12:02:49 ec2: #############################################################
-----BEGIN SSH HOST KEY KEYS-----
ecdsa-sha2-nistp256 AAAAE2VjZHNhLXNoYTItbmlzdHAyNTYAAAAIbmlzdHAyNTYAAABBBFsY04H0FbjsSbhRjHDh48bwpGd0i7jNiLplm08nBub58kbLKX4sGM7ltXsyWtjBpFee5tMdQoSy6xBbAUJHwCQ= root@ubuntu-xenial
ssh-ed25519 AAAAC3NzaC1lZDI1NTE5AAAAIHLy0Z7GXiuHPWjPsfRQY8WRXGhRbeNePqw105JdNqJw root@ubuntu-xenial
ssh-rsa AAAAB3NzaC1yc2EAAAADAQABAAABAQC3xy0mS/m1/LOxoTlGiSeX1xcWfBTYlDNTZExTG3trJ/l9Wo9/volA58n9YmSebK5pzkqmFeoEcib9yLDgOSLAxkEwF6CITj36alM/kf9Y4ZE25dZ98klEkPWDG7buuoLyEOpQWUcYINIf5ERD0z4L/jTS9P0zK/zDpL1PBBUa6pfRBpkaFhABEkHZUu6/FT6Vuw6N1FmwsLLAmAqTneojedQrTXJVYrBPiyBXuOq7Ud9VDKH+ztoQgocCZPFYu8W4nP8/EEAR6SFgVoZ0Po1Yp9BvlbDEJpT80cywjmuAaAuhw64GjqXZGIjnVysUYBAfmQWBVJMSggCTfJZEsCqj root@ubuntu-xenial
-----END SSH HOST KEY KEYS-----
[   20.725638] cloud-init[1455]: Cloud-init v. 19.2-36-g059d049c-0ubuntu2~16.04.1 running 'modules:final' at Tue, 21 Jan 2020 12:02:49 +0000. Up 20.37 seconds.
[   20.763903] cloud-init[1455]: ci-info: no authorized ssh keys fingerprints found for user ubuntu.
[[0;32m  OK  [0m] Started Execute cloud user/final scripts.
[[0;32m  OK  [0m] Reached target Cloud-init target.
[   20.811713] cloud-init[1455]: Cloud-init v. 19.2-36-g059d049c-0ubuntu2~16.04.1 finished at Tue, 21 Jan 2020 12:02:49 +0000. Datasource DataSourceNoCloud [seed=/dev/sdb][dsmode=net].  Up 20.71 seconds

Ubuntu 16.04.6 LTS ubuntu-xenial ttyS0

ubuntu-xenial login: 